{"/Users/mohammahomarhariri/Documents/SoftwareDeveloper/1.sem/Soft-Tests/assignments/Assignment4/src/services/DBConnector.ts":{"path":"/Users/mohammahomarhariri/Documents/SoftwareDeveloper/1.sem/Soft-Tests/assignments/Assignment4/src/services/DBConnector.ts","statementMap":{"0":{"start":{"line":2,"column":16},"end":{"line":10,"column":1}},"1":{"start":{"line":3,"column":28},"end":{"line":3,"column":110}},"2":{"start":{"line":3,"column":91},"end":{"line":3,"column":106}},"3":{"start":{"line":4,"column":4},"end":{"line":9,"column":7}},"4":{"start":{"line":5,"column":36},"end":{"line":5,"column":97}},"5":{"start":{"line":5,"column":42},"end":{"line":5,"column":70}},"6":{"start":{"line":5,"column":85},"end":{"line":5,"column":95}},"7":{"start":{"line":6,"column":35},"end":{"line":6,"column":100}},"8":{"start":{"line":6,"column":41},"end":{"line":6,"column":73}},"9":{"start":{"line":6,"column":88},"end":{"line":6,"column":98}},"10":{"start":{"line":7,"column":32},"end":{"line":7,"column":116}},"11":{"start":{"line":8,"column":8},"end":{"line":8,"column":78}},"12":{"start":{"line":11,"column":18},"end":{"line":37,"column":1}},"13":{"start":{"line":12,"column":12},"end":{"line":12,"column":104}},"14":{"start":{"line":12,"column":43},"end":{"line":12,"column":68}},"15":{"start":{"line":12,"column":57},"end":{"line":12,"column":68}},"16":{"start":{"line":12,"column":69},"end":{"line":12,"column":81}},"17":{"start":{"line":13,"column":4},"end":{"line":13,"column":157}},"18":{"start":{"line":13,"column":138},"end":{"line":13,"column":150}},"19":{"start":{"line":14,"column":23},"end":{"line":14,"column":68}},"20":{"start":{"line":14,"column":45},"end":{"line":14,"column":65}},"21":{"start":{"line":16,"column":8},"end":{"line":16,"column":70}},"22":{"start":{"line":16,"column":15},"end":{"line":16,"column":70}},"23":{"start":{"line":17,"column":8},"end":{"line":34,"column":66}},"24":{"start":{"line":17,"column":18},"end":{"line":34,"column":66}},"25":{"start":{"line":18,"column":12},"end":{"line":18,"column":169}},"26":{"start":{"line":18,"column":160},"end":{"line":18,"column":169}},"27":{"start":{"line":19,"column":12},"end":{"line":19,"column":52}},"28":{"start":{"line":19,"column":26},"end":{"line":19,"column":52}},"29":{"start":{"line":20,"column":12},"end":{"line":32,"column":13}},"30":{"start":{"line":21,"column":32},"end":{"line":21,"column":39}},"31":{"start":{"line":21,"column":40},"end":{"line":21,"column":46}},"32":{"start":{"line":22,"column":24},"end":{"line":22,"column":34}},"33":{"start":{"line":22,"column":35},"end":{"line":22,"column":72}},"34":{"start":{"line":23,"column":24},"end":{"line":23,"column":34}},"35":{"start":{"line":23,"column":35},"end":{"line":23,"column":45}},"36":{"start":{"line":23,"column":46},"end":{"line":23,"column":55}},"37":{"start":{"line":23,"column":56},"end":{"line":23,"column":65}},"38":{"start":{"line":24,"column":24},"end":{"line":24,"column":41}},"39":{"start":{"line":24,"column":42},"end":{"line":24,"column":55}},"40":{"start":{"line":24,"column":56},"end":{"line":24,"column":65}},"41":{"start":{"line":26,"column":20},"end":{"line":26,"column":128}},"42":{"start":{"line":26,"column":110},"end":{"line":26,"column":116}},"43":{"start":{"line":26,"column":117},"end":{"line":26,"column":126}},"44":{"start":{"line":27,"column":20},"end":{"line":27,"column":106}},"45":{"start":{"line":27,"column":81},"end":{"line":27,"column":97}},"46":{"start":{"line":27,"column":98},"end":{"line":27,"column":104}},"47":{"start":{"line":28,"column":20},"end":{"line":28,"column":89}},"48":{"start":{"line":28,"column":57},"end":{"line":28,"column":72}},"49":{"start":{"line":28,"column":73},"end":{"line":28,"column":80}},"50":{"start":{"line":28,"column":81},"end":{"line":28,"column":87}},"51":{"start":{"line":29,"column":20},"end":{"line":29,"column":87}},"52":{"start":{"line":29,"column":47},"end":{"line":29,"column":62}},"53":{"start":{"line":29,"column":63},"end":{"line":29,"column":78}},"54":{"start":{"line":29,"column":79},"end":{"line":29,"column":85}},"55":{"start":{"line":30,"column":20},"end":{"line":30,"column":42}},"56":{"start":{"line":30,"column":30},"end":{"line":30,"column":42}},"57":{"start":{"line":31,"column":20},"end":{"line":31,"column":33}},"58":{"start":{"line":31,"column":34},"end":{"line":31,"column":43}},"59":{"start":{"line":33,"column":12},"end":{"line":33,"column":39}},"60":{"start":{"line":34,"column":22},"end":{"line":34,"column":34}},"61":{"start":{"line":34,"column":35},"end":{"line":34,"column":41}},"62":{"start":{"line":34,"column":54},"end":{"line":34,"column":64}},"63":{"start":{"line":35,"column":8},"end":{"line":35,"column":35}},"64":{"start":{"line":35,"column":23},"end":{"line":35,"column":35}},"65":{"start":{"line":35,"column":36},"end":{"line":35,"column":89}},"66":{"start":{"line":38,"column":0},"end":{"line":38,"column":62}},"67":{"start":{"line":39,"column":14},"end":{"line":39,"column":30}},"68":{"start":{"line":40,"column":18},"end":{"line":40,"column":41}},"69":{"start":{"line":42,"column":33},"end":{"line":76,"column":3}},"70":{"start":{"line":45,"column":4},"end":{"line":54,"column":10}},"71":{"start":{"line":45,"column":51},"end":{"line":54,"column":7}},"72":{"start":{"line":46,"column":8},"end":{"line":53,"column":11}},"73":{"start":{"line":47,"column":12},"end":{"line":52,"column":20}},"74":{"start":{"line":48,"column":20},"end":{"line":51,"column":23}},"75":{"start":{"line":49,"column":24},"end":{"line":50,"column":54}},"76":{"start":{"line":50,"column":28},"end":{"line":50,"column":54}},"77":{"start":{"line":55,"column":4},"end":{"line":74,"column":10}},"78":{"start":{"line":55,"column":46},"end":{"line":74,"column":7}},"79":{"start":{"line":56,"column":8},"end":{"line":73,"column":11}},"80":{"start":{"line":57,"column":12},"end":{"line":65,"column":13}},"81":{"start":{"line":58,"column":16},"end":{"line":64,"column":19}},"82":{"start":{"line":66,"column":12},"end":{"line":72,"column":20}},"83":{"start":{"line":67,"column":20},"end":{"line":71,"column":23}},"84":{"start":{"line":68,"column":24},"end":{"line":69,"column":49}},"85":{"start":{"line":69,"column":28},"end":{"line":69,"column":49}},"86":{"start":{"line":70,"column":24},"end":{"line":70,"column":44}},"87":{"start":{"line":75,"column":4},"end":{"line":75,"column":23}},"88":{"start":{"line":77,"column":0},"end":{"line":77,"column":34}}},"fnMap":{"0":{"name":"(anonymous_0)","decl":{"start":{"line":2,"column":44},"end":{"line":2,"column":45}},"loc":{"start":{"line":2,"column":89},"end":{"line":10,"column":1}},"line":2},"1":{"name":"adopt","decl":{"start":{"line":3,"column":13},"end":{"line":3,"column":18}},"loc":{"start":{"line":3,"column":26},"end":{"line":3,"column":112}},"line":3},"2":{"name":"(anonymous_2)","decl":{"start":{"line":3,"column":70},"end":{"line":3,"column":71}},"loc":{"start":{"line":3,"column":89},"end":{"line":3,"column":108}},"line":3},"3":{"name":"(anonymous_3)","decl":{"start":{"line":4,"column":36},"end":{"line":4,"column":37}},"loc":{"start":{"line":4,"column":63},"end":{"line":9,"column":5}},"line":4},"4":{"name":"fulfilled","decl":{"start":{"line":5,"column":17},"end":{"line":5,"column":26}},"loc":{"start":{"line":5,"column":34},"end":{"line":5,"column":99}},"line":5},"5":{"name":"rejected","decl":{"start":{"line":6,"column":17},"end":{"line":6,"column":25}},"loc":{"start":{"line":6,"column":33},"end":{"line":6,"column":102}},"line":6},"6":{"name":"step","decl":{"start":{"line":7,"column":17},"end":{"line":7,"column":21}},"loc":{"start":{"line":7,"column":30},"end":{"line":7,"column":118}},"line":7},"7":{"name":"(anonymous_7)","decl":{"start":{"line":11,"column":48},"end":{"line":11,"column":49}},"loc":{"start":{"line":11,"column":73},"end":{"line":37,"column":1}},"line":11},"8":{"name":"(anonymous_8)","decl":{"start":{"line":12,"column":30},"end":{"line":12,"column":31}},"loc":{"start":{"line":12,"column":41},"end":{"line":12,"column":83}},"line":12},"9":{"name":"(anonymous_9)","decl":{"start":{"line":13,"column":125},"end":{"line":13,"column":126}},"loc":{"start":{"line":13,"column":136},"end":{"line":13,"column":152}},"line":13},"10":{"name":"verb","decl":{"start":{"line":14,"column":13},"end":{"line":14,"column":17}},"loc":{"start":{"line":14,"column":21},"end":{"line":14,"column":70}},"line":14},"11":{"name":"(anonymous_11)","decl":{"start":{"line":14,"column":30},"end":{"line":14,"column":31}},"loc":{"start":{"line":14,"column":43},"end":{"line":14,"column":67}},"line":14},"12":{"name":"step","decl":{"start":{"line":15,"column":13},"end":{"line":15,"column":17}},"loc":{"start":{"line":15,"column":22},"end":{"line":36,"column":5}},"line":15},"13":{"name":"(anonymous_13)","decl":{"start":{"line":42,"column":33},"end":{"line":42,"column":34}},"loc":{"start":{"line":42,"column":45},"end":{"line":76,"column":1}},"line":42},"14":{"name":"DBConnector","decl":{"start":{"line":43,"column":13},"end":{"line":43,"column":24}},"loc":{"start":{"line":43,"column":27},"end":{"line":44,"column":5}},"line":43},"15":{"name":"(anonymous_15)","decl":{"start":{"line":45,"column":37},"end":{"line":45,"column":38}},"loc":{"start":{"line":45,"column":49},"end":{"line":54,"column":9}},"line":45},"16":{"name":"(anonymous_16)","decl":{"start":{"line":45,"column":92},"end":{"line":45,"column":93}},"loc":{"start":{"line":45,"column":104},"end":{"line":54,"column":5}},"line":45},"17":{"name":"(anonymous_17)","decl":{"start":{"line":46,"column":33},"end":{"line":46,"column":34}},"loc":{"start":{"line":46,"column":47},"end":{"line":53,"column":9}},"line":46},"18":{"name":"(anonymous_18)","decl":{"start":{"line":47,"column":46},"end":{"line":47,"column":47}},"loc":{"start":{"line":47,"column":65},"end":{"line":52,"column":17}},"line":47},"19":{"name":"(anonymous_19)","decl":{"start":{"line":48,"column":56},"end":{"line":48,"column":57}},"loc":{"start":{"line":48,"column":85},"end":{"line":51,"column":21}},"line":48},"20":{"name":"(anonymous_20)","decl":{"start":{"line":55,"column":32},"end":{"line":55,"column":33}},"loc":{"start":{"line":55,"column":44},"end":{"line":74,"column":9}},"line":55},"21":{"name":"(anonymous_21)","decl":{"start":{"line":55,"column":87},"end":{"line":55,"column":88}},"loc":{"start":{"line":55,"column":99},"end":{"line":74,"column":5}},"line":55},"22":{"name":"(anonymous_22)","decl":{"start":{"line":56,"column":33},"end":{"line":56,"column":34}},"loc":{"start":{"line":56,"column":47},"end":{"line":73,"column":9}},"line":56},"23":{"name":"(anonymous_23)","decl":{"start":{"line":66,"column":46},"end":{"line":66,"column":47}},"loc":{"start":{"line":66,"column":65},"end":{"line":72,"column":17}},"line":66},"24":{"name":"(anonymous_24)","decl":{"start":{"line":67,"column":49},"end":{"line":67,"column":50}},"loc":{"start":{"line":67,"column":78},"end":{"line":71,"column":21}},"line":67}},"branchMap":{"0":{"loc":{"start":{"line":2,"column":16},"end":{"line":10,"column":1}},"type":"binary-expr","locations":[{"start":{"line":2,"column":17},"end":{"line":2,"column":21}},{"start":{"line":2,"column":25},"end":{"line":2,"column":39}},{"start":{"line":2,"column":44},"end":{"line":10,"column":1}}],"line":2},"1":{"loc":{"start":{"line":3,"column":35},"end":{"line":3,"column":109}},"type":"cond-expr","locations":[{"start":{"line":3,"column":56},"end":{"line":3,"column":61}},{"start":{"line":3,"column":64},"end":{"line":3,"column":109}}],"line":3},"2":{"loc":{"start":{"line":4,"column":16},"end":{"line":4,"column":34}},"type":"binary-expr","locations":[{"start":{"line":4,"column":16},"end":{"line":4,"column":17}},{"start":{"line":4,"column":22},"end":{"line":4,"column":33}}],"line":4},"3":{"loc":{"start":{"line":7,"column":32},"end":{"line":7,"column":115}},"type":"cond-expr","locations":[{"start":{"line":7,"column":46},"end":{"line":7,"column":67}},{"start":{"line":7,"column":70},"end":{"line":7,"column":115}}],"line":7},"4":{"loc":{"start":{"line":8,"column":51},"end":{"line":8,"column":67}},"type":"binary-expr","locations":[{"start":{"line":8,"column":51},"end":{"line":8,"column":61}},{"start":{"line":8,"column":65},"end":{"line":8,"column":67}}],"line":8},"5":{"loc":{"start":{"line":11,"column":18},"end":{"line":37,"column":1}},"type":"binary-expr","locations":[{"start":{"line":11,"column":19},"end":{"line":11,"column":23}},{"start":{"line":11,"column":27},"end":{"line":11,"column":43}},{"start":{"line":11,"column":48},"end":{"line":37,"column":1}}],"line":11},"6":{"loc":{"start":{"line":12,"column":43},"end":{"line":12,"column":68}},"type":"if","locations":[{"start":{"line":12,"column":43},"end":{"line":12,"column":68}},{"start":{"line":12,"column":43},"end":{"line":12,"column":68}}],"line":12},"7":{"loc":{"start":{"line":13,"column":71},"end":{"line":13,"column":153}},"type":"binary-expr","locations":[{"start":{"line":13,"column":71},"end":{"line":13,"column":99}},{"start":{"line":13,"column":104},"end":{"line":13,"column":152}}],"line":13},"8":{"loc":{"start":{"line":16,"column":8},"end":{"line":16,"column":70}},"type":"if","locations":[{"start":{"line":16,"column":8},"end":{"line":16,"column":70}},{"start":{"line":16,"column":8},"end":{"line":16,"column":70}}],"line":16},"9":{"loc":{"start":{"line":18,"column":12},"end":{"line":18,"column":169}},"type":"if","locations":[{"start":{"line":18,"column":12},"end":{"line":18,"column":169}},{"start":{"line":18,"column":12},"end":{"line":18,"column":169}}],"line":18},"10":{"loc":{"start":{"line":18,"column":23},"end":{"line":18,"column":158}},"type":"binary-expr","locations":[{"start":{"line":18,"column":23},"end":{"line":18,"column":24}},{"start":{"line":18,"column":29},"end":{"line":18,"column":125}},{"start":{"line":18,"column":130},"end":{"line":18,"column":158}}],"line":18},"11":{"loc":{"start":{"line":18,"column":33},"end":{"line":18,"column":125}},"type":"cond-expr","locations":[{"start":{"line":18,"column":45},"end":{"line":18,"column":56}},{"start":{"line":18,"column":59},"end":{"line":18,"column":125}}],"line":18},"12":{"loc":{"start":{"line":18,"column":59},"end":{"line":18,"column":125}},"type":"cond-expr","locations":[{"start":{"line":18,"column":67},"end":{"line":18,"column":116}},{"start":{"line":18,"column":119},"end":{"line":18,"column":125}}],"line":18},"13":{"loc":{"start":{"line":18,"column":67},"end":{"line":18,"column":116}},"type":"binary-expr","locations":[{"start":{"line":18,"column":67},"end":{"line":18,"column":77}},{"start":{"line":18,"column":82},"end":{"line":18,"column":115}}],"line":18},"14":{"loc":{"start":{"line":18,"column":82},"end":{"line":18,"column":112}},"type":"binary-expr","locations":[{"start":{"line":18,"column":83},"end":{"line":18,"column":98}},{"start":{"line":18,"column":103},"end":{"line":18,"column":112}}],"line":18},"15":{"loc":{"start":{"line":19,"column":12},"end":{"line":19,"column":52}},"type":"if","locations":[{"start":{"line":19,"column":12},"end":{"line":19,"column":52}},{"start":{"line":19,"column":12},"end":{"line":19,"column":52}}],"line":19},"16":{"loc":{"start":{"line":20,"column":12},"end":{"line":32,"column":13}},"type":"switch","locations":[{"start":{"line":21,"column":16},"end":{"line":21,"column":23}},{"start":{"line":21,"column":24},"end":{"line":21,"column":46}},{"start":{"line":22,"column":16},"end":{"line":22,"column":72}},{"start":{"line":23,"column":16},"end":{"line":23,"column":65}},{"start":{"line":24,"column":16},"end":{"line":24,"column":65}},{"start":{"line":25,"column":16},"end":{"line":31,"column":43}}],"line":20},"17":{"loc":{"start":{"line":26,"column":20},"end":{"line":26,"column":128}},"type":"if","locations":[{"start":{"line":26,"column":20},"end":{"line":26,"column":128}},{"start":{"line":26,"column":20},"end":{"line":26,"column":128}}],"line":26},"18":{"loc":{"start":{"line":26,"column":24},"end":{"line":26,"column":106}},"type":"binary-expr","locations":[{"start":{"line":26,"column":24},"end":{"line":26,"column":74}},{"start":{"line":26,"column":79},"end":{"line":26,"column":90}},{"start":{"line":26,"column":94},"end":{"line":26,"column":105}}],"line":26},"19":{"loc":{"start":{"line":26,"column":42},"end":{"line":26,"column":73}},"type":"binary-expr","locations":[{"start":{"line":26,"column":42},"end":{"line":26,"column":54}},{"start":{"line":26,"column":58},"end":{"line":26,"column":73}}],"line":26},"20":{"loc":{"start":{"line":27,"column":20},"end":{"line":27,"column":106}},"type":"if","locations":[{"start":{"line":27,"column":20},"end":{"line":27,"column":106}},{"start":{"line":27,"column":20},"end":{"line":27,"column":106}}],"line":27},"21":{"loc":{"start":{"line":27,"column":24},"end":{"line":27,"column":77}},"type":"binary-expr","locations":[{"start":{"line":27,"column":24},"end":{"line":27,"column":35}},{"start":{"line":27,"column":40},"end":{"line":27,"column":42}},{"start":{"line":27,"column":47},"end":{"line":27,"column":59}},{"start":{"line":27,"column":63},"end":{"line":27,"column":75}}],"line":27},"22":{"loc":{"start":{"line":28,"column":20},"end":{"line":28,"column":89}},"type":"if","locations":[{"start":{"line":28,"column":20},"end":{"line":28,"column":89}},{"start":{"line":28,"column":20},"end":{"line":28,"column":89}}],"line":28},"23":{"loc":{"start":{"line":28,"column":24},"end":{"line":28,"column":53}},"type":"binary-expr","locations":[{"start":{"line":28,"column":24},"end":{"line":28,"column":35}},{"start":{"line":28,"column":39},"end":{"line":28,"column":53}}],"line":28},"24":{"loc":{"start":{"line":29,"column":20},"end":{"line":29,"column":87}},"type":"if","locations":[{"start":{"line":29,"column":20},"end":{"line":29,"column":87}},{"start":{"line":29,"column":20},"end":{"line":29,"column":87}}],"line":29},"25":{"loc":{"start":{"line":29,"column":24},"end":{"line":29,"column":43}},"type":"binary-expr","locations":[{"start":{"line":29,"column":24},"end":{"line":29,"column":25}},{"start":{"line":29,"column":29},"end":{"line":29,"column":43}}],"line":29},"26":{"loc":{"start":{"line":30,"column":20},"end":{"line":30,"column":42}},"type":"if","locations":[{"start":{"line":30,"column":20},"end":{"line":30,"column":42}},{"start":{"line":30,"column":20},"end":{"line":30,"column":42}}],"line":30},"27":{"loc":{"start":{"line":35,"column":8},"end":{"line":35,"column":35}},"type":"if","locations":[{"start":{"line":35,"column":8},"end":{"line":35,"column":35}},{"start":{"line":35,"column":8},"end":{"line":35,"column":35}}],"line":35},"28":{"loc":{"start":{"line":35,"column":52},"end":{"line":35,"column":74}},"type":"cond-expr","locations":[{"start":{"line":35,"column":60},"end":{"line":35,"column":65}},{"start":{"line":35,"column":68},"end":{"line":35,"column":74}}],"line":35},"29":{"loc":{"start":{"line":49,"column":24},"end":{"line":50,"column":54}},"type":"if","locations":[{"start":{"line":49,"column":24},"end":{"line":50,"column":54}},{"start":{"line":49,"column":24},"end":{"line":50,"column":54}}],"line":49},"30":{"loc":{"start":{"line":57,"column":12},"end":{"line":65,"column":13}},"type":"if","locations":[{"start":{"line":57,"column":12},"end":{"line":65,"column":13}},{"start":{"line":57,"column":12},"end":{"line":65,"column":13}}],"line":57},"31":{"loc":{"start":{"line":68,"column":24},"end":{"line":69,"column":49}},"type":"if","locations":[{"start":{"line":68,"column":24},"end":{"line":69,"column":49}},{"start":{"line":68,"column":24},"end":{"line":69,"column":49}}],"line":68}},"s":{"0":1,"1":0,"2":0,"3":133,"4":0,"5":0,"6":0,"7":0,"8":0,"9":0,"10":133,"11":133,"12":1,"13":133,"14":0,"15":0,"16":0,"17":133,"18":0,"19":399,"20":133,"21":133,"22":0,"23":133,"24":266,"25":266,"26":0,"27":266,"28":0,"29":266,"30":133,"31":133,"32":0,"33":0,"34":0,"35":0,"36":0,"37":0,"38":0,"39":0,"40":0,"41":133,"42":133,"43":133,"44":0,"45":0,"46":0,"47":0,"48":0,"49":0,"50":0,"51":0,"52":0,"53":0,"54":0,"55":0,"56":0,"57":0,"58":0,"59":133,"60":0,"61":0,"62":266,"63":133,"64":0,"65":133,"66":1,"67":1,"68":1,"69":1,"70":1,"71":0,"72":0,"73":0,"74":0,"75":0,"76":0,"77":1,"78":133,"79":133,"80":133,"81":1,"82":133,"83":133,"84":133,"85":0,"86":133,"87":1,"88":1},"f":{"0":133,"1":0,"2":0,"3":133,"4":0,"5":0,"6":133,"7":133,"8":0,"9":0,"10":399,"11":133,"12":133,"13":1,"14":0,"15":0,"16":0,"17":0,"18":0,"19":0,"20":133,"21":133,"22":133,"23":133,"24":133},"b":{"0":[1,1,1],"1":[0,0],"2":[133,133],"3":[133,0],"4":[133,133],"5":[1,1,1],"6":[0,0],"7":[133,133],"8":[0,133],"9":[0,266],"10":[266,0,0],"11":[0,0],"12":[0,0],"13":[0,0],"14":[0,0],"15":[0,266],"16":[133,133,0,0,0,133],"17":[133,0],"18":[133,133,133],"19":[133,0],"20":[0,0],"21":[0,0,0,0],"22":[0,0],"23":[0,0],"24":[0,0],"25":[0,0],"26":[0,0],"27":[0,133],"28":[133,0],"29":[0,0],"30":[1,132],"31":[0,133]},"inputSourceMap":{"version":3,"file":"/Users/mohammahomarhariri/Documents/SoftwareDeveloper/1.sem/Soft-Tests/assignments/Assignment4/src/services/DBConnector.ts","sources":["/Users/mohammahomarhariri/Documents/SoftwareDeveloper/1.sem/Soft-Tests/assignments/Assignment4/src/services/DBConnector.ts"],"names":[],"mappings":";;;;;;;;;;;;;;;;;;;;;;;;;;;;;;;;;;;;;;AAAA,+BAAyD;AACzD,0CAA8E;AAE9E,IAAI,cAAoB,CAAC;AACzB;IACE;IAAsB,CAAC;IAET,8BAAkB,GAAG;;YACjC,sBAAO,IAAI,OAAO,CAAC,UAAA,OAAO;oBACxB,OAAO,cAAc,CAAC,aAAa,CAAC,UAAC,KAAK,EAAE,UAAU;wBACpD,IAAI,CAAC,KAAK;4BAAE,OAAO,CAAC,UAAU,CAAC,KAAK,CAAC,CAAC;oBACxC,CAAC,CAAC,CAAC;gBACL,CAAC,CAAC,EAAC;;SACJ,CAAC;IAEY,yBAAa,GAAG;;YAC5B,IAAI,CAAC,cAAc,EAAE;gBACnB,cAAc,GAAG,kBAAU,CAAC;oBAC1B,eAAe,EAAE,EAAE;oBACnB,IAAI,EAAE,0BAAc;oBACpB,QAAQ,EAAE,0BAAc;oBACxB,QAAQ,EAAE,0BAAc;oBACxB,kBAAkB,EAAE,IAAI;iBACzB,CAAC,CAAC;aACJ;YACD,sBAAO,IAAI,OAAO,CAAC,UAAA,OAAO;oBACxB,cAAc,CAAC,aAAa,CAAC,UAAC,KAAK,EAAE,UAAU;wBAC7C,IAAI,KAAK;4BAAE,OAAO,CAAC,KAAK,CAAC,KAAK,CAAC,CAAC;wBAChC,OAAO,CAAC,UAAU,CAAC,CAAC;oBACtB,CAAC,CAAC,CAAC;gBACL,CAAC,CAAC,EAAC;;SACJ,CAAC;IACJ,kBAAC;CAAA,AA5BD,IA4BC;AA5BY,kCAAW","sourcesContent":["import { createPool, Pool, PoolConnection } from 'mysql';\nimport { MYSQL_PASSWORD, MYSQL_USERNAME, MYSQL_DATABASE } from '../constants';\n\nlet connectionPool: Pool;\nexport class DBConnector {\n  public constructor() {}\n\n  public static getConnectionState = async (): Promise<string> => {\n    return new Promise(resolve => {\n      return connectionPool.getConnection((error, connection) => {\n        if (!error) resolve(connection.state);\n      });\n    });\n  };\n\n  public static getConnection = async (): Promise<PoolConnection> => {\n    if (!connectionPool) {\n      connectionPool = createPool({\n        connectionLimit: 20,\n        user: MYSQL_USERNAME,\n        password: MYSQL_PASSWORD,\n        database: MYSQL_DATABASE,\n        multipleStatements: true,\n      });\n    }\n    return new Promise(resolve => {\n      connectionPool.getConnection((error, connection) => {\n        if (error) console.error(error);\n        resolve(connection);\n      });\n    });\n  };\n}\n"]},"_coverageSchema":"1a1c01bbd47fc00a2c39e90264f33305004495a9","hash":"c529e0965e0969d484704cf38dfccd62c89f56de","contentHash":"5627ec324d81c3f0656b88b1e59d783b56b835c704f568836d901cdb63033f70"},"/Users/mohammahomarhariri/Documents/SoftwareDeveloper/1.sem/Soft-Tests/assignments/Assignment4/src/constants.ts":{"path":"/Users/mohammahomarhariri/Documents/SoftwareDeveloper/1.sem/Soft-Tests/assignments/Assignment4/src/constants.ts","statementMap":{"0":{"start":{"line":2,"column":0},"end":{"line":2,"column":62}},"1":{"start":{"line":3,"column":10},"end":{"line":3,"column":43}},"2":{"start":{"line":4,"column":21},"end":{"line":4,"column":113}},"3":{"start":{"line":5,"column":0},"end":{"line":5,"column":40}},"4":{"start":{"line":6,"column":21},"end":{"line":6,"column":113}},"5":{"start":{"line":7,"column":0},"end":{"line":7,"column":40}},"6":{"start":{"line":8,"column":18},"end":{"line":8,"column":104}},"7":{"start":{"line":9,"column":0},"end":{"line":9,"column":34}},"8":{"start":{"line":10,"column":21},"end":{"line":10,"column":113}},"9":{"start":{"line":11,"column":0},"end":{"line":11,"column":40}},"10":{"start":{"line":12,"column":0},"end":{"line":17,"column":1}},"11":{"start":{"line":13,"column":4},"end":{"line":13,"column":45}},"12":{"start":{"line":14,"column":4},"end":{"line":14,"column":96}},"13":{"start":{"line":15,"column":4},"end":{"line":15,"column":96}},"14":{"start":{"line":16,"column":4},"end":{"line":16,"column":85}}},"fnMap":{},"branchMap":{"0":{"loc":{"start":{"line":4,"column":21},"end":{"line":4,"column":113}},"type":"binary-expr","locations":[{"start":{"line":4,"column":22},"end":{"line":4,"column":82}},{"start":{"line":4,"column":87},"end":{"line":4,"column":113}}],"line":4},"1":{"loc":{"start":{"line":4,"column":22},"end":{"line":4,"column":82}},"type":"cond-expr","locations":[{"start":{"line":4,"column":55},"end":{"line":4,"column":61}},{"start":{"line":4,"column":64},"end":{"line":4,"column":82}}],"line":4},"2":{"loc":{"start":{"line":4,"column":22},"end":{"line":4,"column":52}},"type":"binary-expr","locations":[{"start":{"line":4,"column":22},"end":{"line":4,"column":34}},{"start":{"line":4,"column":38},"end":{"line":4,"column":52}}],"line":4},"3":{"loc":{"start":{"line":6,"column":21},"end":{"line":6,"column":113}},"type":"binary-expr","locations":[{"start":{"line":6,"column":22},"end":{"line":6,"column":82}},{"start":{"line":6,"column":87},"end":{"line":6,"column":113}}],"line":6},"4":{"loc":{"start":{"line":6,"column":22},"end":{"line":6,"column":82}},"type":"cond-expr","locations":[{"start":{"line":6,"column":55},"end":{"line":6,"column":61}},{"start":{"line":6,"column":64},"end":{"line":6,"column":82}}],"line":6},"5":{"loc":{"start":{"line":6,"column":22},"end":{"line":6,"column":52}},"type":"binary-expr","locations":[{"start":{"line":6,"column":22},"end":{"line":6,"column":34}},{"start":{"line":6,"column":38},"end":{"line":6,"column":52}}],"line":6},"6":{"loc":{"start":{"line":8,"column":18},"end":{"line":8,"column":104}},"type":"binary-expr","locations":[{"start":{"line":8,"column":19},"end":{"line":8,"column":76}},{"start":{"line":8,"column":81},"end":{"line":8,"column":104}}],"line":8},"7":{"loc":{"start":{"line":8,"column":19},"end":{"line":8,"column":76}},"type":"cond-expr","locations":[{"start":{"line":8,"column":52},"end":{"line":8,"column":58}},{"start":{"line":8,"column":61},"end":{"line":8,"column":76}}],"line":8},"8":{"loc":{"start":{"line":8,"column":19},"end":{"line":8,"column":49}},"type":"binary-expr","locations":[{"start":{"line":8,"column":19},"end":{"line":8,"column":31}},{"start":{"line":8,"column":35},"end":{"line":8,"column":49}}],"line":8},"9":{"loc":{"start":{"line":10,"column":21},"end":{"line":10,"column":113}},"type":"binary-expr","locations":[{"start":{"line":10,"column":22},"end":{"line":10,"column":82}},{"start":{"line":10,"column":87},"end":{"line":10,"column":113}}],"line":10},"10":{"loc":{"start":{"line":10,"column":22},"end":{"line":10,"column":82}},"type":"cond-expr","locations":[{"start":{"line":10,"column":55},"end":{"line":10,"column":61}},{"start":{"line":10,"column":64},"end":{"line":10,"column":82}}],"line":10},"11":{"loc":{"start":{"line":10,"column":22},"end":{"line":10,"column":52}},"type":"binary-expr","locations":[{"start":{"line":10,"column":22},"end":{"line":10,"column":34}},{"start":{"line":10,"column":38},"end":{"line":10,"column":52}}],"line":10},"12":{"loc":{"start":{"line":12,"column":0},"end":{"line":17,"column":1}},"type":"if","locations":[{"start":{"line":12,"column":0},"end":{"line":17,"column":1}},{"start":{"line":12,"column":0},"end":{"line":17,"column":1}}],"line":12},"13":{"loc":{"start":{"line":14,"column":46},"end":{"line":14,"column":95}},"type":"binary-expr","locations":[{"start":{"line":14,"column":46},"end":{"line":14,"column":77}},{"start":{"line":14,"column":81},"end":{"line":14,"column":95}}],"line":14},"14":{"loc":{"start":{"line":15,"column":46},"end":{"line":15,"column":95}},"type":"binary-expr","locations":[{"start":{"line":15,"column":46},"end":{"line":15,"column":77}},{"start":{"line":15,"column":81},"end":{"line":15,"column":95}}],"line":15},"15":{"loc":{"start":{"line":16,"column":46},"end":{"line":16,"column":84}},"type":"binary-expr","locations":[{"start":{"line":16,"column":46},"end":{"line":16,"column":66}},{"start":{"line":16,"column":70},"end":{"line":16,"column":84}}],"line":16}},"s":{"0":1,"1":1,"2":1,"3":1,"4":1,"5":1,"6":1,"7":1,"8":1,"9":1,"10":1,"11":1,"12":1,"13":1,"14":1},"f":{},"b":{"0":[1,0],"1":[0,1],"2":[1,1],"3":[1,0],"4":[0,1],"5":[1,1],"6":[1,0],"7":[0,1],"8":[1,1],"9":[1,0],"10":[0,1],"11":[1,1],"12":[1,0],"13":[1,1],"14":[1,1],"15":[1,1]},"inputSourceMap":{"version":3,"file":"/Users/mohammahomarhariri/Documents/SoftwareDeveloper/1.sem/Soft-Tests/assignments/Assignment4/src/constants.ts","sources":["/Users/mohammahomarhariri/Documents/SoftwareDeveloper/1.sem/Soft-Tests/assignments/Assignment4/src/constants.ts"],"names":[],"mappings":";;AAAA,IAAM,GAAG,GAAG,OAAO,CAAC,QAAQ,CAAC,CAAC,MAAM,EAAE,CAAC,MAAM,CAAC;AAE9C,IAAI,cAAc,GAAG,CAAA,GAAG,aAAH,GAAG,uBAAH,GAAG,CAAE,cAAc,KAAI,OAAO,CAAC,GAAG,CAAC,cAAc,CAAC;AAYjC,wCAAc;AAXpD,IAAI,cAAc,GAAG,CAAA,GAAG,aAAH,GAAG,uBAAH,GAAG,CAAE,cAAc,KAAI,OAAO,CAAC,GAAG,CAAC,cAAc,CAAC;AAWjD,wCAAc;AAVpC,IAAI,WAAW,GAAG,CAAA,GAAG,aAAH,GAAG,uBAAH,GAAG,CAAE,WAAW,KAAI,OAAO,CAAC,GAAG,CAAC,WAAW,CAAC;AAUrD,kCAAW;AATpB,IAAI,cAAc,GAAG,CAAA,GAAG,aAAH,GAAG,uBAAH,GAAG,CAAE,cAAc,KAAI,OAAO,CAAC,GAAG,CAAC,cAAc,CAAC;AASjB,wCAAc;AAPpE,IAAI,OAAO,CAAC,GAAG,CAAC,GAAG,KAAK,MAAM,EAAE;IAC/B,sBAAA,WAAW,GAAG,IAAI,CAAC;IACnB,yBAAA,cAAc,GAAG,OAAO,CAAC,GAAG,CAAC,mBAAmB,IAAI,cAAc,CAAC;IACnE,yBAAA,cAAc,GAAG,OAAO,CAAC,GAAG,CAAC,mBAAmB,IAAI,cAAc,CAAC;IACnE,yBAAA,cAAc,GAAG,OAAO,CAAC,GAAG,CAAC,QAAQ,IAAI,cAAc,CAAA;CACvD","sourcesContent":["const env = require('dotenv').config().parsed;\n\nlet MYSQL_USERNAME = env?.MYSQL_USERNAME || process.env.MYSQL_USERNAME;\nlet MYSQL_PASSWORD = env?.MYSQL_PASSWORD || process.env.MYSQL_PASSWORD;\nlet SERVER_PORT = env?.SERVER_PORT || process.env.SERVER_PORT;\nlet MYSQL_DATABASE = env?.MYSQL_DATABASE || process.env.MYSQL_DATABASE;\n\nif (process.env.ENV === 'TEST') {\n\tSERVER_PORT = 4000;\n\tMYSQL_USERNAME = process.env.TEST_MYSQL_USERNAME || MYSQL_USERNAME;\n\tMYSQL_PASSWORD = process.env.TEST_MYSQL_PASSWORD || MYSQL_PASSWORD;\n\tMYSQL_DATABASE = process.env.DATABASE || MYSQL_DATABASE\n}\n\nexport { SERVER_PORT, MYSQL_PASSWORD, MYSQL_USERNAME, MYSQL_DATABASE };\n"]},"_coverageSchema":"1a1c01bbd47fc00a2c39e90264f33305004495a9","hash":"9167fa34212a7197adcc06e99dcccb17731b0b42","contentHash":"6d2a20cf843eaadb105d799b73bf593ca9447c6f5dfeb43457d97c5510be95f7"},"/Users/mohammahomarhariri/Documents/SoftwareDeveloper/1.sem/Soft-Tests/assignments/Assignment4/src/database/BankMapper.ts":{"path":"/Users/mohammahomarhariri/Documents/SoftwareDeveloper/1.sem/Soft-Tests/assignments/Assignment4/src/database/BankMapper.ts","statementMap":{"0":{"start":{"line":2,"column":16},"end":{"line":10,"column":1}},"1":{"start":{"line":3,"column":28},"end":{"line":3,"column":110}},"2":{"start":{"line":3,"column":91},"end":{"line":3,"column":106}},"3":{"start":{"line":4,"column":4},"end":{"line":9,"column":7}},"4":{"start":{"line":5,"column":36},"end":{"line":5,"column":97}},"5":{"start":{"line":5,"column":42},"end":{"line":5,"column":70}},"6":{"start":{"line":5,"column":85},"end":{"line":5,"column":95}},"7":{"start":{"line":6,"column":35},"end":{"line":6,"column":100}},"8":{"start":{"line":6,"column":41},"end":{"line":6,"column":73}},"9":{"start":{"line":6,"column":88},"end":{"line":6,"column":98}},"10":{"start":{"line":7,"column":32},"end":{"line":7,"column":116}},"11":{"start":{"line":8,"column":8},"end":{"line":8,"column":78}},"12":{"start":{"line":11,"column":18},"end":{"line":37,"column":1}},"13":{"start":{"line":12,"column":12},"end":{"line":12,"column":104}},"14":{"start":{"line":12,"column":43},"end":{"line":12,"column":68}},"15":{"start":{"line":12,"column":57},"end":{"line":12,"column":68}},"16":{"start":{"line":12,"column":69},"end":{"line":12,"column":81}},"17":{"start":{"line":13,"column":4},"end":{"line":13,"column":157}},"18":{"start":{"line":13,"column":138},"end":{"line":13,"column":150}},"19":{"start":{"line":14,"column":23},"end":{"line":14,"column":68}},"20":{"start":{"line":14,"column":45},"end":{"line":14,"column":65}},"21":{"start":{"line":16,"column":8},"end":{"line":16,"column":70}},"22":{"start":{"line":16,"column":15},"end":{"line":16,"column":70}},"23":{"start":{"line":17,"column":8},"end":{"line":34,"column":66}},"24":{"start":{"line":17,"column":18},"end":{"line":34,"column":66}},"25":{"start":{"line":18,"column":12},"end":{"line":18,"column":169}},"26":{"start":{"line":18,"column":160},"end":{"line":18,"column":169}},"27":{"start":{"line":19,"column":12},"end":{"line":19,"column":52}},"28":{"start":{"line":19,"column":26},"end":{"line":19,"column":52}},"29":{"start":{"line":20,"column":12},"end":{"line":32,"column":13}},"30":{"start":{"line":21,"column":32},"end":{"line":21,"column":39}},"31":{"start":{"line":21,"column":40},"end":{"line":21,"column":46}},"32":{"start":{"line":22,"column":24},"end":{"line":22,"column":34}},"33":{"start":{"line":22,"column":35},"end":{"line":22,"column":72}},"34":{"start":{"line":23,"column":24},"end":{"line":23,"column":34}},"35":{"start":{"line":23,"column":35},"end":{"line":23,"column":45}},"36":{"start":{"line":23,"column":46},"end":{"line":23,"column":55}},"37":{"start":{"line":23,"column":56},"end":{"line":23,"column":65}},"38":{"start":{"line":24,"column":24},"end":{"line":24,"column":41}},"39":{"start":{"line":24,"column":42},"end":{"line":24,"column":55}},"40":{"start":{"line":24,"column":56},"end":{"line":24,"column":65}},"41":{"start":{"line":26,"column":20},"end":{"line":26,"column":128}},"42":{"start":{"line":26,"column":110},"end":{"line":26,"column":116}},"43":{"start":{"line":26,"column":117},"end":{"line":26,"column":126}},"44":{"start":{"line":27,"column":20},"end":{"line":27,"column":106}},"45":{"start":{"line":27,"column":81},"end":{"line":27,"column":97}},"46":{"start":{"line":27,"column":98},"end":{"line":27,"column":104}},"47":{"start":{"line":28,"column":20},"end":{"line":28,"column":89}},"48":{"start":{"line":28,"column":57},"end":{"line":28,"column":72}},"49":{"start":{"line":28,"column":73},"end":{"line":28,"column":80}},"50":{"start":{"line":28,"column":81},"end":{"line":28,"column":87}},"51":{"start":{"line":29,"column":20},"end":{"line":29,"column":87}},"52":{"start":{"line":29,"column":47},"end":{"line":29,"column":62}},"53":{"start":{"line":29,"column":63},"end":{"line":29,"column":78}},"54":{"start":{"line":29,"column":79},"end":{"line":29,"column":85}},"55":{"start":{"line":30,"column":20},"end":{"line":30,"column":42}},"56":{"start":{"line":30,"column":30},"end":{"line":30,"column":42}},"57":{"start":{"line":31,"column":20},"end":{"line":31,"column":33}},"58":{"start":{"line":31,"column":34},"end":{"line":31,"column":43}},"59":{"start":{"line":33,"column":12},"end":{"line":33,"column":39}},"60":{"start":{"line":34,"column":22},"end":{"line":34,"column":34}},"61":{"start":{"line":34,"column":35},"end":{"line":34,"column":41}},"62":{"start":{"line":34,"column":54},"end":{"line":34,"column":64}},"63":{"start":{"line":35,"column":8},"end":{"line":35,"column":35}},"64":{"start":{"line":35,"column":23},"end":{"line":35,"column":35}},"65":{"start":{"line":35,"column":36},"end":{"line":35,"column":89}},"66":{"start":{"line":38,"column":0},"end":{"line":38,"column":62}},"67":{"start":{"line":39,"column":20},"end":{"line":39,"column":54}},"68":{"start":{"line":40,"column":32},"end":{"line":164,"column":3}},"69":{"start":{"line":43,"column":4},"end":{"line":63,"column":6}},"70":{"start":{"line":44,"column":20},"end":{"line":44,"column":24}},"71":{"start":{"line":45,"column":8},"end":{"line":62,"column":15}},"72":{"start":{"line":45,"column":56},"end":{"line":62,"column":11}},"73":{"start":{"line":47,"column":12},"end":{"line":61,"column":15}},"74":{"start":{"line":48,"column":16},"end":{"line":60,"column":17}},"75":{"start":{"line":49,"column":28},"end":{"line":49,"column":92}},"76":{"start":{"line":51,"column":24},"end":{"line":51,"column":47}},"77":{"start":{"line":52,"column":24},"end":{"line":58,"column":27}},"78":{"start":{"line":53,"column":28},"end":{"line":53,"column":49}},"79":{"start":{"line":54,"column":28},"end":{"line":56,"column":29}},"80":{"start":{"line":55,"column":32},"end":{"line":55,"column":46}},"81":{"start":{"line":57,"column":28},"end":{"line":57,"column":45}},"82":{"start":{"line":59,"column":24},"end":{"line":59,"column":46}},"83":{"start":{"line":64,"column":4},"end":{"line":87,"column":6}},"84":{"start":{"line":65,"column":20},"end":{"line":65,"column":24}},"85":{"start":{"line":66,"column":8},"end":{"line":86,"column":15}},"86":{"start":{"line":66,"column":56},"end":{"line":86,"column":11}},"87":{"start":{"line":68,"column":12},"end":{"line":85,"column":15}},"88":{"start":{"line":69,"column":16},"end":{"line":84,"column":17}},"89":{"start":{"line":70,"column":28},"end":{"line":70,"column":92}},"90":{"start":{"line":72,"column":24},"end":{"line":72,"column":47}},"91":{"start":{"line":73,"column":24},"end":{"line":82,"column":27}},"92":{"start":{"line":77,"column":28},"end":{"line":77,"column":49}},"93":{"start":{"line":78,"column":28},"end":{"line":80,"column":29}},"94":{"start":{"line":79,"column":32},"end":{"line":79,"column":46}},"95":{"start":{"line":81,"column":28},"end":{"line":81,"column":47}},"96":{"start":{"line":83,"column":24},"end":{"line":83,"column":46}},"97":{"start":{"line":88,"column":4},"end":{"line":90,"column":6}},"98":{"start":{"line":89,"column":8},"end":{"line":89,"column":51}},"99":{"start":{"line":91,"column":4},"end":{"line":114,"column":6}},"100":{"start":{"line":92,"column":20},"end":{"line":92,"column":24}},"101":{"start":{"line":93,"column":8},"end":{"line":113,"column":15}},"102":{"start":{"line":93,"column":56},"end":{"line":113,"column":11}},"103":{"start":{"line":95,"column":12},"end":{"line":112,"column":15}},"104":{"start":{"line":96,"column":16},"end":{"line":111,"column":17}},"105":{"start":{"line":97,"column":28},"end":{"line":97,"column":92}},"106":{"start":{"line":99,"column":24},"end":{"line":99,"column":47}},"107":{"start":{"line":100,"column":24},"end":{"line":109,"column":27}},"108":{"start":{"line":104,"column":28},"end":{"line":104,"column":49}},"109":{"start":{"line":105,"column":28},"end":{"line":107,"column":29}},"110":{"start":{"line":106,"column":32},"end":{"line":106,"column":46}},"111":{"start":{"line":108,"column":28},"end":{"line":108,"column":38}},"112":{"start":{"line":110,"column":24},"end":{"line":110,"column":46}},"113":{"start":{"line":115,"column":4},"end":{"line":117,"column":6}},"114":{"start":{"line":116,"column":8},"end":{"line":116,"column":51}},"115":{"start":{"line":118,"column":4},"end":{"line":120,"column":6}},"116":{"start":{"line":119,"column":8},"end":{"line":119,"column":51}},"117":{"start":{"line":121,"column":4},"end":{"line":141,"column":6}},"118":{"start":{"line":122,"column":20},"end":{"line":122,"column":24}},"119":{"start":{"line":123,"column":8},"end":{"line":140,"column":15}},"120":{"start":{"line":123,"column":56},"end":{"line":140,"column":11}},"121":{"start":{"line":125,"column":12},"end":{"line":139,"column":15}},"122":{"start":{"line":126,"column":16},"end":{"line":138,"column":17}},"123":{"start":{"line":127,"column":28},"end":{"line":127,"column":92}},"124":{"start":{"line":129,"column":24},"end":{"line":129,"column":47}},"125":{"start":{"line":130,"column":24},"end":{"line":136,"column":27}},"126":{"start":{"line":131,"column":28},"end":{"line":131,"column":49}},"127":{"start":{"line":132,"column":28},"end":{"line":134,"column":29}},"128":{"start":{"line":133,"column":32},"end":{"line":133,"column":46}},"129":{"start":{"line":135,"column":28},"end":{"line":135,"column":38}},"130":{"start":{"line":137,"column":24},"end":{"line":137,"column":46}},"131":{"start":{"line":142,"column":4},"end":{"line":162,"column":6}},"132":{"start":{"line":143,"column":20},"end":{"line":143,"column":24}},"133":{"start":{"line":144,"column":8},"end":{"line":161,"column":15}},"134":{"start":{"line":144,"column":56},"end":{"line":161,"column":11}},"135":{"start":{"line":146,"column":12},"end":{"line":160,"column":15}},"136":{"start":{"line":147,"column":16},"end":{"line":159,"column":17}},"137":{"start":{"line":148,"column":28},"end":{"line":148,"column":92}},"138":{"start":{"line":150,"column":24},"end":{"line":150,"column":47}},"139":{"start":{"line":151,"column":24},"end":{"line":157,"column":27}},"140":{"start":{"line":152,"column":28},"end":{"line":152,"column":49}},"141":{"start":{"line":153,"column":28},"end":{"line":155,"column":29}},"142":{"start":{"line":154,"column":32},"end":{"line":154,"column":46}},"143":{"start":{"line":156,"column":28},"end":{"line":156,"column":38}},"144":{"start":{"line":158,"column":24},"end":{"line":158,"column":46}},"145":{"start":{"line":163,"column":4},"end":{"line":163,"column":22}},"146":{"start":{"line":165,"column":0},"end":{"line":165,"column":32}}},"fnMap":{"0":{"name":"(anonymous_0)","decl":{"start":{"line":2,"column":44},"end":{"line":2,"column":45}},"loc":{"start":{"line":2,"column":89},"end":{"line":10,"column":1}},"line":2},"1":{"name":"adopt","decl":{"start":{"line":3,"column":13},"end":{"line":3,"column":18}},"loc":{"start":{"line":3,"column":26},"end":{"line":3,"column":112}},"line":3},"2":{"name":"(anonymous_2)","decl":{"start":{"line":3,"column":70},"end":{"line":3,"column":71}},"loc":{"start":{"line":3,"column":89},"end":{"line":3,"column":108}},"line":3},"3":{"name":"(anonymous_3)","decl":{"start":{"line":4,"column":36},"end":{"line":4,"column":37}},"loc":{"start":{"line":4,"column":63},"end":{"line":9,"column":5}},"line":4},"4":{"name":"fulfilled","decl":{"start":{"line":5,"column":17},"end":{"line":5,"column":26}},"loc":{"start":{"line":5,"column":34},"end":{"line":5,"column":99}},"line":5},"5":{"name":"rejected","decl":{"start":{"line":6,"column":17},"end":{"line":6,"column":25}},"loc":{"start":{"line":6,"column":33},"end":{"line":6,"column":102}},"line":6},"6":{"name":"step","decl":{"start":{"line":7,"column":17},"end":{"line":7,"column":21}},"loc":{"start":{"line":7,"column":30},"end":{"line":7,"column":118}},"line":7},"7":{"name":"(anonymous_7)","decl":{"start":{"line":11,"column":48},"end":{"line":11,"column":49}},"loc":{"start":{"line":11,"column":73},"end":{"line":37,"column":1}},"line":11},"8":{"name":"(anonymous_8)","decl":{"start":{"line":12,"column":30},"end":{"line":12,"column":31}},"loc":{"start":{"line":12,"column":41},"end":{"line":12,"column":83}},"line":12},"9":{"name":"(anonymous_9)","decl":{"start":{"line":13,"column":125},"end":{"line":13,"column":126}},"loc":{"start":{"line":13,"column":136},"end":{"line":13,"column":152}},"line":13},"10":{"name":"verb","decl":{"start":{"line":14,"column":13},"end":{"line":14,"column":17}},"loc":{"start":{"line":14,"column":21},"end":{"line":14,"column":70}},"line":14},"11":{"name":"(anonymous_11)","decl":{"start":{"line":14,"column":30},"end":{"line":14,"column":31}},"loc":{"start":{"line":14,"column":43},"end":{"line":14,"column":67}},"line":14},"12":{"name":"step","decl":{"start":{"line":15,"column":13},"end":{"line":15,"column":17}},"loc":{"start":{"line":15,"column":22},"end":{"line":36,"column":5}},"line":15},"13":{"name":"(anonymous_13)","decl":{"start":{"line":40,"column":32},"end":{"line":40,"column":33}},"loc":{"start":{"line":40,"column":44},"end":{"line":164,"column":1}},"line":40},"14":{"name":"BankMapper","decl":{"start":{"line":41,"column":13},"end":{"line":41,"column":23}},"loc":{"start":{"line":41,"column":26},"end":{"line":42,"column":5}},"line":41},"15":{"name":"(anonymous_15)","decl":{"start":{"line":43,"column":34},"end":{"line":43,"column":35}},"loc":{"start":{"line":43,"column":46},"end":{"line":63,"column":5}},"line":43},"16":{"name":"(anonymous_16)","decl":{"start":{"line":45,"column":27},"end":{"line":45,"column":28}},"loc":{"start":{"line":45,"column":54},"end":{"line":62,"column":13}},"line":45},"17":{"name":"(anonymous_17)","decl":{"start":{"line":45,"column":96},"end":{"line":45,"column":97}},"loc":{"start":{"line":45,"column":108},"end":{"line":62,"column":9}},"line":45},"18":{"name":"(anonymous_18)","decl":{"start":{"line":47,"column":37},"end":{"line":47,"column":38}},"loc":{"start":{"line":47,"column":51},"end":{"line":61,"column":13}},"line":47},"19":{"name":"(anonymous_19)","decl":{"start":{"line":52,"column":73},"end":{"line":52,"column":74}},"loc":{"start":{"line":52,"column":99},"end":{"line":58,"column":25}},"line":52},"20":{"name":"(anonymous_20)","decl":{"start":{"line":64,"column":36},"end":{"line":64,"column":37}},"loc":{"start":{"line":64,"column":51},"end":{"line":87,"column":5}},"line":64},"21":{"name":"(anonymous_21)","decl":{"start":{"line":66,"column":27},"end":{"line":66,"column":28}},"loc":{"start":{"line":66,"column":54},"end":{"line":86,"column":13}},"line":66},"22":{"name":"(anonymous_22)","decl":{"start":{"line":66,"column":96},"end":{"line":66,"column":97}},"loc":{"start":{"line":66,"column":108},"end":{"line":86,"column":9}},"line":66},"23":{"name":"(anonymous_23)","decl":{"start":{"line":68,"column":37},"end":{"line":68,"column":38}},"loc":{"start":{"line":68,"column":51},"end":{"line":85,"column":13}},"line":68},"24":{"name":"(anonymous_24)","decl":{"start":{"line":76,"column":27},"end":{"line":76,"column":28}},"loc":{"start":{"line":76,"column":52},"end":{"line":82,"column":25}},"line":76},"25":{"name":"(anonymous_25)","decl":{"start":{"line":88,"column":37},"end":{"line":88,"column":38}},"loc":{"start":{"line":88,"column":53},"end":{"line":90,"column":5}},"line":88},"26":{"name":"(anonymous_26)","decl":{"start":{"line":91,"column":34},"end":{"line":91,"column":35}},"loc":{"start":{"line":91,"column":51},"end":{"line":114,"column":5}},"line":91},"27":{"name":"(anonymous_27)","decl":{"start":{"line":93,"column":27},"end":{"line":93,"column":28}},"loc":{"start":{"line":93,"column":54},"end":{"line":113,"column":13}},"line":93},"28":{"name":"(anonymous_28)","decl":{"start":{"line":93,"column":96},"end":{"line":93,"column":97}},"loc":{"start":{"line":93,"column":108},"end":{"line":113,"column":9}},"line":93},"29":{"name":"(anonymous_29)","decl":{"start":{"line":95,"column":37},"end":{"line":95,"column":38}},"loc":{"start":{"line":95,"column":51},"end":{"line":112,"column":13}},"line":95},"30":{"name":"(anonymous_30)","decl":{"start":{"line":103,"column":27},"end":{"line":103,"column":28}},"loc":{"start":{"line":103,"column":52},"end":{"line":109,"column":25}},"line":103},"31":{"name":"(anonymous_31)","decl":{"start":{"line":115,"column":38},"end":{"line":115,"column":39}},"loc":{"start":{"line":115,"column":56},"end":{"line":117,"column":5}},"line":115},"32":{"name":"(anonymous_32)","decl":{"start":{"line":118,"column":40},"end":{"line":118,"column":41}},"loc":{"start":{"line":118,"column":56},"end":{"line":120,"column":5}},"line":118},"33":{"name":"(anonymous_33)","decl":{"start":{"line":121,"column":39},"end":{"line":121,"column":40}},"loc":{"start":{"line":121,"column":54},"end":{"line":141,"column":5}},"line":121},"34":{"name":"(anonymous_34)","decl":{"start":{"line":123,"column":27},"end":{"line":123,"column":28}},"loc":{"start":{"line":123,"column":54},"end":{"line":140,"column":13}},"line":123},"35":{"name":"(anonymous_35)","decl":{"start":{"line":123,"column":96},"end":{"line":123,"column":97}},"loc":{"start":{"line":123,"column":108},"end":{"line":140,"column":9}},"line":123},"36":{"name":"(anonymous_36)","decl":{"start":{"line":125,"column":37},"end":{"line":125,"column":38}},"loc":{"start":{"line":125,"column":51},"end":{"line":139,"column":13}},"line":125},"37":{"name":"(anonymous_37)","decl":{"start":{"line":130,"column":98},"end":{"line":130,"column":99}},"loc":{"start":{"line":130,"column":115},"end":{"line":136,"column":25}},"line":130},"38":{"name":"(anonymous_38)","decl":{"start":{"line":142,"column":37},"end":{"line":142,"column":38}},"loc":{"start":{"line":142,"column":49},"end":{"line":162,"column":5}},"line":142},"39":{"name":"(anonymous_39)","decl":{"start":{"line":144,"column":27},"end":{"line":144,"column":28}},"loc":{"start":{"line":144,"column":54},"end":{"line":161,"column":13}},"line":144},"40":{"name":"(anonymous_40)","decl":{"start":{"line":144,"column":96},"end":{"line":144,"column":97}},"loc":{"start":{"line":144,"column":108},"end":{"line":161,"column":9}},"line":144},"41":{"name":"(anonymous_41)","decl":{"start":{"line":146,"column":37},"end":{"line":146,"column":38}},"loc":{"start":{"line":146,"column":51},"end":{"line":160,"column":13}},"line":146},"42":{"name":"(anonymous_42)","decl":{"start":{"line":151,"column":71},"end":{"line":151,"column":72}},"loc":{"start":{"line":151,"column":88},"end":{"line":157,"column":25}},"line":151}},"branchMap":{"0":{"loc":{"start":{"line":2,"column":16},"end":{"line":10,"column":1}},"type":"binary-expr","locations":[{"start":{"line":2,"column":17},"end":{"line":2,"column":21}},{"start":{"line":2,"column":25},"end":{"line":2,"column":39}},{"start":{"line":2,"column":44},"end":{"line":10,"column":1}}],"line":2},"1":{"loc":{"start":{"line":3,"column":35},"end":{"line":3,"column":109}},"type":"cond-expr","locations":[{"start":{"line":3,"column":56},"end":{"line":3,"column":61}},{"start":{"line":3,"column":64},"end":{"line":3,"column":109}}],"line":3},"2":{"loc":{"start":{"line":4,"column":16},"end":{"line":4,"column":34}},"type":"binary-expr","locations":[{"start":{"line":4,"column":16},"end":{"line":4,"column":17}},{"start":{"line":4,"column":22},"end":{"line":4,"column":33}}],"line":4},"3":{"loc":{"start":{"line":7,"column":32},"end":{"line":7,"column":115}},"type":"cond-expr","locations":[{"start":{"line":7,"column":46},"end":{"line":7,"column":67}},{"start":{"line":7,"column":70},"end":{"line":7,"column":115}}],"line":7},"4":{"loc":{"start":{"line":8,"column":51},"end":{"line":8,"column":67}},"type":"binary-expr","locations":[{"start":{"line":8,"column":51},"end":{"line":8,"column":61}},{"start":{"line":8,"column":65},"end":{"line":8,"column":67}}],"line":8},"5":{"loc":{"start":{"line":11,"column":18},"end":{"line":37,"column":1}},"type":"binary-expr","locations":[{"start":{"line":11,"column":19},"end":{"line":11,"column":23}},{"start":{"line":11,"column":27},"end":{"line":11,"column":43}},{"start":{"line":11,"column":48},"end":{"line":37,"column":1}}],"line":11},"6":{"loc":{"start":{"line":12,"column":43},"end":{"line":12,"column":68}},"type":"if","locations":[{"start":{"line":12,"column":43},"end":{"line":12,"column":68}},{"start":{"line":12,"column":43},"end":{"line":12,"column":68}}],"line":12},"7":{"loc":{"start":{"line":13,"column":71},"end":{"line":13,"column":153}},"type":"binary-expr","locations":[{"start":{"line":13,"column":71},"end":{"line":13,"column":99}},{"start":{"line":13,"column":104},"end":{"line":13,"column":152}}],"line":13},"8":{"loc":{"start":{"line":16,"column":8},"end":{"line":16,"column":70}},"type":"if","locations":[{"start":{"line":16,"column":8},"end":{"line":16,"column":70}},{"start":{"line":16,"column":8},"end":{"line":16,"column":70}}],"line":16},"9":{"loc":{"start":{"line":18,"column":12},"end":{"line":18,"column":169}},"type":"if","locations":[{"start":{"line":18,"column":12},"end":{"line":18,"column":169}},{"start":{"line":18,"column":12},"end":{"line":18,"column":169}}],"line":18},"10":{"loc":{"start":{"line":18,"column":23},"end":{"line":18,"column":158}},"type":"binary-expr","locations":[{"start":{"line":18,"column":23},"end":{"line":18,"column":24}},{"start":{"line":18,"column":29},"end":{"line":18,"column":125}},{"start":{"line":18,"column":130},"end":{"line":18,"column":158}}],"line":18},"11":{"loc":{"start":{"line":18,"column":33},"end":{"line":18,"column":125}},"type":"cond-expr","locations":[{"start":{"line":18,"column":45},"end":{"line":18,"column":56}},{"start":{"line":18,"column":59},"end":{"line":18,"column":125}}],"line":18},"12":{"loc":{"start":{"line":18,"column":59},"end":{"line":18,"column":125}},"type":"cond-expr","locations":[{"start":{"line":18,"column":67},"end":{"line":18,"column":116}},{"start":{"line":18,"column":119},"end":{"line":18,"column":125}}],"line":18},"13":{"loc":{"start":{"line":18,"column":67},"end":{"line":18,"column":116}},"type":"binary-expr","locations":[{"start":{"line":18,"column":67},"end":{"line":18,"column":77}},{"start":{"line":18,"column":82},"end":{"line":18,"column":115}}],"line":18},"14":{"loc":{"start":{"line":18,"column":82},"end":{"line":18,"column":112}},"type":"binary-expr","locations":[{"start":{"line":18,"column":83},"end":{"line":18,"column":98}},{"start":{"line":18,"column":103},"end":{"line":18,"column":112}}],"line":18},"15":{"loc":{"start":{"line":19,"column":12},"end":{"line":19,"column":52}},"type":"if","locations":[{"start":{"line":19,"column":12},"end":{"line":19,"column":52}},{"start":{"line":19,"column":12},"end":{"line":19,"column":52}}],"line":19},"16":{"loc":{"start":{"line":20,"column":12},"end":{"line":32,"column":13}},"type":"switch","locations":[{"start":{"line":21,"column":16},"end":{"line":21,"column":23}},{"start":{"line":21,"column":24},"end":{"line":21,"column":46}},{"start":{"line":22,"column":16},"end":{"line":22,"column":72}},{"start":{"line":23,"column":16},"end":{"line":23,"column":65}},{"start":{"line":24,"column":16},"end":{"line":24,"column":65}},{"start":{"line":25,"column":16},"end":{"line":31,"column":43}}],"line":20},"17":{"loc":{"start":{"line":26,"column":20},"end":{"line":26,"column":128}},"type":"if","locations":[{"start":{"line":26,"column":20},"end":{"line":26,"column":128}},{"start":{"line":26,"column":20},"end":{"line":26,"column":128}}],"line":26},"18":{"loc":{"start":{"line":26,"column":24},"end":{"line":26,"column":106}},"type":"binary-expr","locations":[{"start":{"line":26,"column":24},"end":{"line":26,"column":74}},{"start":{"line":26,"column":79},"end":{"line":26,"column":90}},{"start":{"line":26,"column":94},"end":{"line":26,"column":105}}],"line":26},"19":{"loc":{"start":{"line":26,"column":42},"end":{"line":26,"column":73}},"type":"binary-expr","locations":[{"start":{"line":26,"column":42},"end":{"line":26,"column":54}},{"start":{"line":26,"column":58},"end":{"line":26,"column":73}}],"line":26},"20":{"loc":{"start":{"line":27,"column":20},"end":{"line":27,"column":106}},"type":"if","locations":[{"start":{"line":27,"column":20},"end":{"line":27,"column":106}},{"start":{"line":27,"column":20},"end":{"line":27,"column":106}}],"line":27},"21":{"loc":{"start":{"line":27,"column":24},"end":{"line":27,"column":77}},"type":"binary-expr","locations":[{"start":{"line":27,"column":24},"end":{"line":27,"column":35}},{"start":{"line":27,"column":40},"end":{"line":27,"column":42}},{"start":{"line":27,"column":47},"end":{"line":27,"column":59}},{"start":{"line":27,"column":63},"end":{"line":27,"column":75}}],"line":27},"22":{"loc":{"start":{"line":28,"column":20},"end":{"line":28,"column":89}},"type":"if","locations":[{"start":{"line":28,"column":20},"end":{"line":28,"column":89}},{"start":{"line":28,"column":20},"end":{"line":28,"column":89}}],"line":28},"23":{"loc":{"start":{"line":28,"column":24},"end":{"line":28,"column":53}},"type":"binary-expr","locations":[{"start":{"line":28,"column":24},"end":{"line":28,"column":35}},{"start":{"line":28,"column":39},"end":{"line":28,"column":53}}],"line":28},"24":{"loc":{"start":{"line":29,"column":20},"end":{"line":29,"column":87}},"type":"if","locations":[{"start":{"line":29,"column":20},"end":{"line":29,"column":87}},{"start":{"line":29,"column":20},"end":{"line":29,"column":87}}],"line":29},"25":{"loc":{"start":{"line":29,"column":24},"end":{"line":29,"column":43}},"type":"binary-expr","locations":[{"start":{"line":29,"column":24},"end":{"line":29,"column":25}},{"start":{"line":29,"column":29},"end":{"line":29,"column":43}}],"line":29},"26":{"loc":{"start":{"line":30,"column":20},"end":{"line":30,"column":42}},"type":"if","locations":[{"start":{"line":30,"column":20},"end":{"line":30,"column":42}},{"start":{"line":30,"column":20},"end":{"line":30,"column":42}}],"line":30},"27":{"loc":{"start":{"line":35,"column":8},"end":{"line":35,"column":35}},"type":"if","locations":[{"start":{"line":35,"column":8},"end":{"line":35,"column":35}},{"start":{"line":35,"column":8},"end":{"line":35,"column":35}}],"line":35},"28":{"loc":{"start":{"line":35,"column":52},"end":{"line":35,"column":74}},"type":"cond-expr","locations":[{"start":{"line":35,"column":60},"end":{"line":35,"column":65}},{"start":{"line":35,"column":68},"end":{"line":35,"column":74}}],"line":35},"29":{"loc":{"start":{"line":48,"column":16},"end":{"line":60,"column":17}},"type":"switch","locations":[{"start":{"line":49,"column":20},"end":{"line":49,"column":92}},{"start":{"line":50,"column":20},"end":{"line":59,"column":46}}],"line":48},"30":{"loc":{"start":{"line":54,"column":28},"end":{"line":56,"column":29}},"type":"if","locations":[{"start":{"line":54,"column":28},"end":{"line":56,"column":29}},{"start":{"line":54,"column":28},"end":{"line":56,"column":29}}],"line":54},"31":{"loc":{"start":{"line":69,"column":16},"end":{"line":84,"column":17}},"type":"switch","locations":[{"start":{"line":70,"column":20},"end":{"line":70,"column":92}},{"start":{"line":71,"column":20},"end":{"line":83,"column":46}}],"line":69},"32":{"loc":{"start":{"line":78,"column":28},"end":{"line":80,"column":29}},"type":"if","locations":[{"start":{"line":78,"column":28},"end":{"line":80,"column":29}},{"start":{"line":78,"column":28},"end":{"line":80,"column":29}}],"line":78},"33":{"loc":{"start":{"line":96,"column":16},"end":{"line":111,"column":17}},"type":"switch","locations":[{"start":{"line":97,"column":20},"end":{"line":97,"column":92}},{"start":{"line":98,"column":20},"end":{"line":110,"column":46}}],"line":96},"34":{"loc":{"start":{"line":105,"column":28},"end":{"line":107,"column":29}},"type":"if","locations":[{"start":{"line":105,"column":28},"end":{"line":107,"column":29}},{"start":{"line":105,"column":28},"end":{"line":107,"column":29}}],"line":105},"35":{"loc":{"start":{"line":126,"column":16},"end":{"line":138,"column":17}},"type":"switch","locations":[{"start":{"line":127,"column":20},"end":{"line":127,"column":92}},{"start":{"line":128,"column":20},"end":{"line":137,"column":46}}],"line":126},"36":{"loc":{"start":{"line":132,"column":28},"end":{"line":134,"column":29}},"type":"if","locations":[{"start":{"line":132,"column":28},"end":{"line":134,"column":29}},{"start":{"line":132,"column":28},"end":{"line":134,"column":29}}],"line":132},"37":{"loc":{"start":{"line":147,"column":16},"end":{"line":159,"column":17}},"type":"switch","locations":[{"start":{"line":148,"column":20},"end":{"line":148,"column":92}},{"start":{"line":149,"column":20},"end":{"line":158,"column":46}}],"line":147},"38":{"loc":{"start":{"line":153,"column":28},"end":{"line":155,"column":29}},"type":"if","locations":[{"start":{"line":153,"column":28},"end":{"line":155,"column":29}},{"start":{"line":153,"column":28},"end":{"line":155,"column":29}}],"line":153}},"s":{"0":1,"1":30,"2":0,"3":30,"4":30,"5":30,"6":0,"7":0,"8":0,"9":0,"10":60,"11":30,"12":1,"13":30,"14":30,"15":0,"16":30,"17":30,"18":0,"19":90,"20":60,"21":60,"22":0,"23":60,"24":120,"25":120,"26":0,"27":120,"28":0,"29":120,"30":60,"31":60,"32":30,"33":30,"34":0,"35":0,"36":0,"37":0,"38":0,"39":0,"40":0,"41":30,"42":30,"43":30,"44":0,"45":0,"46":0,"47":0,"48":0,"49":0,"50":0,"51":0,"52":0,"53":0,"54":0,"55":0,"56":0,"57":0,"58":0,"59":60,"60":0,"61":0,"62":120,"63":30,"64":0,"65":30,"66":1,"67":1,"68":1,"69":1,"70":0,"71":0,"72":0,"73":0,"74":0,"75":0,"76":0,"77":0,"78":0,"79":0,"80":0,"81":0,"82":0,"83":1,"84":9,"85":9,"86":9,"87":9,"88":18,"89":9,"90":9,"91":9,"92":9,"93":9,"94":0,"95":9,"96":9,"97":1,"98":0,"99":1,"100":9,"101":9,"102":9,"103":9,"104":18,"105":9,"106":9,"107":9,"108":9,"109":9,"110":0,"111":9,"112":9,"113":1,"114":0,"115":1,"116":0,"117":1,"118":3,"119":3,"120":3,"121":3,"122":6,"123":3,"124":3,"125":3,"126":3,"127":3,"128":0,"129":3,"130":3,"131":1,"132":9,"133":9,"134":9,"135":9,"136":18,"137":9,"138":9,"139":9,"140":9,"141":9,"142":0,"143":9,"144":9,"145":1,"146":1},"f":{"0":30,"1":30,"2":0,"3":30,"4":30,"5":0,"6":60,"7":30,"8":30,"9":0,"10":90,"11":60,"12":60,"13":1,"14":10,"15":0,"16":0,"17":0,"18":0,"19":0,"20":9,"21":9,"22":9,"23":18,"24":9,"25":0,"26":9,"27":9,"28":9,"29":18,"30":9,"31":0,"32":0,"33":3,"34":3,"35":3,"36":6,"37":3,"38":9,"39":9,"40":9,"41":18,"42":9},"b":{"0":[1,1,1],"1":[30,0],"2":[30,30],"3":[30,30],"4":[30,30],"5":[1,1,1],"6":[0,30],"7":[30,30],"8":[0,60],"9":[0,120],"10":[120,0,0],"11":[0,0],"12":[0,0],"13":[0,0],"14":[0,0],"15":[0,120],"16":[60,60,30,0,0,30],"17":[30,0],"18":[30,30,30],"19":[30,0],"20":[0,0],"21":[0,0,0,0],"22":[0,0],"23":[0,0],"24":[0,0],"25":[0,0],"26":[0,0],"27":[0,30],"28":[30,0],"29":[0,0],"30":[0,0],"31":[9,9],"32":[0,9],"33":[9,9],"34":[0,9],"35":[3,3],"36":[0,3],"37":[9,9],"38":[0,9]},"inputSourceMap":{"version":3,"file":"/Users/mohammahomarhariri/Documents/SoftwareDeveloper/1.sem/Soft-Tests/assignments/Assignment4/src/database/BankMapper.ts","sources":["/Users/mohammahomarhariri/Documents/SoftwareDeveloper/1.sem/Soft-Tests/assignments/Assignment4/src/database/BankMapper.ts"],"names":[],"mappings":";;;;;;;;;;;;;;;;;;;;;;;;;;;;;;;;;;;;;;AAEA,uDAAsD;AAEtD;IAAA;IAuFA,CAAC;IAtFC,2BAAM,GAAN;QAAA,iBAWC;QAVC,OAAO,IAAI,OAAO,CAAC,UAAO,OAAO,EAAE,MAAM;;;;4BACpB,qBAAM,yBAAW,CAAC,aAAa,EAAE,EAAA;;wBAA9C,UAAU,GAAG,SAAiC;wBACpD,UAAU,CAAC,KAAK,CAAC,EAAE,GAAG,EAAE,qBAAqB,EAAE,EAAE,UAAC,KAAK,EAAE,OAAO;4BAC9D,UAAU,CAAC,OAAO,EAAE,CAAC;4BACrB,IAAI,KAAK,EAAE;gCACT,MAAM,CAAC,KAAK,CAAC,CAAC;6BACf;4BACD,OAAO,CAAC,OAAO,CAAC,CAAC;wBACnB,CAAC,CAAC,CAAC;;;;aACJ,CAAC,CAAC;IACL,CAAC;IAED,6BAAQ,GAAR,UAAS,GAAW;QAApB,iBAiBC;QAhBC,OAAO,IAAI,OAAO,CAAC,UAAO,OAAO,EAAE,MAAM;;;;4BACpB,qBAAM,yBAAW,CAAC,aAAa,EAAE,EAAA;;wBAA9C,UAAU,GAAG,SAAiC;wBACpD,UAAU,CAAC,KAAK,CACd;4BACE,GAAG,EAAE,iCAAiC;4BACtC,MAAM,EAAE,CAAC,GAAG,CAAC;yBACd,EACD,UAAC,KAAK,EAAE,MAAM;4BACZ,UAAU,CAAC,OAAO,EAAE,CAAC;4BACrB,IAAI,KAAK,EAAE;gCACT,MAAM,CAAC,KAAK,CAAC,CAAC;6BACf;4BACD,OAAO,CAAC,MAAM,CAAC,CAAC,CAAC,CAAC,CAAC;wBACrB,CAAC,CACF,CAAC;;;;aACH,CAAC,CAAC;IACL,CAAC;IAED,8BAAS,GAAT,UAAW,IAAY;QACrB,MAAM,IAAI,KAAK,CAAC,yBAAyB,CAAC,CAAC;IAC7C,CAAC;IAED,2BAAM,GAAN,UAAO,KAAY;QAAnB,iBAiBC;QAhBC,OAAO,IAAI,OAAO,CAAC,UAAO,OAAO,EAAE,MAAM;;;;4BACpB,qBAAM,yBAAW,CAAC,aAAa,EAAE,EAAA;;wBAA9C,UAAU,GAAG,SAAiC;wBACpD,UAAU,CAAC,KAAK,CACd;4BACE,GAAG,EAAE,6CAA6C;4BAClD,MAAM,EAAE,CAAC,KAAK,CAAC,GAAG,EAAE,KAAK,CAAC,IAAI,CAAC;yBAChC,EACD,UAAC,KAAK,EAAE,MAAM;4BACZ,UAAU,CAAC,OAAO,EAAE,CAAC;4BACrB,IAAI,KAAK,EAAE;gCACT,MAAM,CAAC,KAAK,CAAC,CAAC;6BACf;4BACD,OAAO,EAAE,CAAC;wBACZ,CAAC,CACF,CAAC;;;;aACH,CAAC,CAAC;IACL,CAAC;IACD,+BAAU,GAAV,UAAY,MAAe;QACzB,MAAM,IAAI,KAAK,CAAC,yBAAyB,CAAC,CAAC;IAC7C,CAAC;IACD,iCAAY,GAAZ,UAAc,IAAY;QACxB,MAAM,IAAI,KAAK,CAAC,yBAAyB,CAAC,CAAC;IAC7C,CAAC;IAED,gCAAW,GAAX,UAAY,GAAW;QAAvB,iBAWC;QAVC,OAAO,IAAI,OAAO,CAAC,UAAO,OAAO,EAAE,MAAM;;;;4BACpB,qBAAM,yBAAW,CAAC,aAAa,EAAE,EAAA;;wBAA9C,UAAU,GAAG,SAAiC;wBACpD,UAAU,CAAC,KAAK,CAAC,EAAE,GAAG,EAAE,+BAA+B,EAAE,MAAM,EAAE,CAAC,GAAG,CAAC,EAAE,EAAE,UAAA,KAAK;4BAC7E,UAAU,CAAC,OAAO,EAAE,CAAC;4BACrB,IAAI,KAAK,EAAE;gCACT,MAAM,CAAC,KAAK,CAAC,CAAC;6BACf;4BACD,OAAO,EAAE,CAAC;wBACZ,CAAC,CAAC,CAAC;;;;aACJ,CAAC,CAAC;IACL,CAAC;IAED,8BAAS,GAAT;QAAA,iBAWC;QAVC,OAAO,IAAI,OAAO,CAAC,UAAO,OAAO,EAAE,MAAM;;;;4BACpB,qBAAM,yBAAW,CAAC,aAAa,EAAE,EAAA;;wBAA9C,UAAU,GAAG,SAAiC;wBACpD,UAAU,CAAC,KAAK,CAAC,EAAE,GAAG,EAAE,mBAAmB,EAAE,EAAE,UAAA,KAAK;4BAClD,UAAU,CAAC,OAAO,EAAE,CAAC;4BACrB,IAAI,KAAK,EAAE;gCACT,MAAM,CAAC,KAAK,CAAC,CAAC;6BACf;4BACD,OAAO,EAAE,CAAC;wBACZ,CAAC,CAAC,CAAC;;;;aACJ,CAAC,CAAC;IACL,CAAC;IACH,iBAAC;AAAD,CAAC,AAvFD,IAuFC;AAvFY,gCAAU","sourcesContent":["import { IMapper } from '../interfaces/IDatabaseMapper';\nimport { IBank } from '../interfaces/IBank';\nimport { DBConnector } from '../services/DBConnector';\n\nexport class BankMapper implements IMapper<IBank> {\n  getAll(): Promise<IBank[]> {\n    return new Promise(async (resolve, reject) => {\n      const connection = await DBConnector.getConnection();\n      connection.query({ sql: 'SELECT * FROM banks' }, (error, results) => {\n        connection.release();\n        if (error) {\n          reject(error);\n        }\n        resolve(results);\n      });\n    });\n  }\n\n  getByCvr(cvr: string): Promise<IBank> {\n    return new Promise(async (resolve, reject) => {\n      const connection = await DBConnector.getConnection();\n      connection.query(\n        {\n          sql: 'SELECT * FROM banks WHERE cvr=?',\n          values: [cvr],\n        },\n        (error, result) => {\n          connection.release();\n          if (error) {\n            reject(error);\n          }\n          resolve(result[0]);\n        },\n      );\n    });\n  }\n\n  getByName?(name: string): Promise<IBank> {\n    throw new Error('Method not implemented.');\n  }\n\n  insert(value: IBank): Promise<void> {\n    return new Promise(async (resolve, reject) => {\n      const connection = await DBConnector.getConnection();\n      connection.query(\n        {\n          sql: 'INSERT INTO banks (cvr, name) VALUES (?, ?)',\n          values: [value.cvr, value.name],\n        },\n        (error, result) => {\n          connection.release();\n          if (error) {\n            reject(error);\n          }\n          resolve();\n        },\n      );\n    });\n  }\n  insertMany?(values: IBank[]): Promise<void> {\n    throw new Error('Method not implemented.');\n  }\n  deleteByName?(name: string): Promise<void> {\n    throw new Error('Method not implemented.');\n  }\n\n  deleteByCvr(cvr: string): Promise<void> {\n    return new Promise(async (resolve, reject) => {\n      const connection = await DBConnector.getConnection();\n      connection.query({ sql: 'DELETE FROM banks WHERE cvr=?', values: [cvr] }, error => {\n        connection.release();\n        if (error) {\n          reject(error);\n        }\n        resolve();\n      });\n    });\n  }\n\n  deleteAll(): Promise<void> {\n    return new Promise(async (resolve, reject) => {\n      const connection = await DBConnector.getConnection();\n      connection.query({ sql: 'DELETE FROM banks' }, error => {\n        connection.release();\n        if (error) {\n          reject(error);\n        }\n        resolve();\n      });\n    });\n  }\n}\n"]},"_coverageSchema":"1a1c01bbd47fc00a2c39e90264f33305004495a9","hash":"2a40cd4f68f00a460e209da50be471cfd48b5503","contentHash":"6c7ac617b0bb395fa3f3af496dccf5e6be21ba3a98f240d8528e3ce6c6b64390"},"/Users/mohammahomarhariri/Documents/SoftwareDeveloper/1.sem/Soft-Tests/assignments/Assignment4/src/database/CustomerMapper.ts":{"path":"/Users/mohammahomarhariri/Documents/SoftwareDeveloper/1.sem/Soft-Tests/assignments/Assignment4/src/database/CustomerMapper.ts","statementMap":{"0":{"start":{"line":2,"column":16},"end":{"line":10,"column":1}},"1":{"start":{"line":3,"column":28},"end":{"line":3,"column":110}},"2":{"start":{"line":3,"column":91},"end":{"line":3,"column":106}},"3":{"start":{"line":4,"column":4},"end":{"line":9,"column":7}},"4":{"start":{"line":5,"column":36},"end":{"line":5,"column":97}},"5":{"start":{"line":5,"column":42},"end":{"line":5,"column":70}},"6":{"start":{"line":5,"column":85},"end":{"line":5,"column":95}},"7":{"start":{"line":6,"column":35},"end":{"line":6,"column":100}},"8":{"start":{"line":6,"column":41},"end":{"line":6,"column":73}},"9":{"start":{"line":6,"column":88},"end":{"line":6,"column":98}},"10":{"start":{"line":7,"column":32},"end":{"line":7,"column":116}},"11":{"start":{"line":8,"column":8},"end":{"line":8,"column":78}},"12":{"start":{"line":11,"column":18},"end":{"line":37,"column":1}},"13":{"start":{"line":12,"column":12},"end":{"line":12,"column":104}},"14":{"start":{"line":12,"column":43},"end":{"line":12,"column":68}},"15":{"start":{"line":12,"column":57},"end":{"line":12,"column":68}},"16":{"start":{"line":12,"column":69},"end":{"line":12,"column":81}},"17":{"start":{"line":13,"column":4},"end":{"line":13,"column":157}},"18":{"start":{"line":13,"column":138},"end":{"line":13,"column":150}},"19":{"start":{"line":14,"column":23},"end":{"line":14,"column":68}},"20":{"start":{"line":14,"column":45},"end":{"line":14,"column":65}},"21":{"start":{"line":16,"column":8},"end":{"line":16,"column":70}},"22":{"start":{"line":16,"column":15},"end":{"line":16,"column":70}},"23":{"start":{"line":17,"column":8},"end":{"line":34,"column":66}},"24":{"start":{"line":17,"column":18},"end":{"line":34,"column":66}},"25":{"start":{"line":18,"column":12},"end":{"line":18,"column":169}},"26":{"start":{"line":18,"column":160},"end":{"line":18,"column":169}},"27":{"start":{"line":19,"column":12},"end":{"line":19,"column":52}},"28":{"start":{"line":19,"column":26},"end":{"line":19,"column":52}},"29":{"start":{"line":20,"column":12},"end":{"line":32,"column":13}},"30":{"start":{"line":21,"column":32},"end":{"line":21,"column":39}},"31":{"start":{"line":21,"column":40},"end":{"line":21,"column":46}},"32":{"start":{"line":22,"column":24},"end":{"line":22,"column":34}},"33":{"start":{"line":22,"column":35},"end":{"line":22,"column":72}},"34":{"start":{"line":23,"column":24},"end":{"line":23,"column":34}},"35":{"start":{"line":23,"column":35},"end":{"line":23,"column":45}},"36":{"start":{"line":23,"column":46},"end":{"line":23,"column":55}},"37":{"start":{"line":23,"column":56},"end":{"line":23,"column":65}},"38":{"start":{"line":24,"column":24},"end":{"line":24,"column":41}},"39":{"start":{"line":24,"column":42},"end":{"line":24,"column":55}},"40":{"start":{"line":24,"column":56},"end":{"line":24,"column":65}},"41":{"start":{"line":26,"column":20},"end":{"line":26,"column":128}},"42":{"start":{"line":26,"column":110},"end":{"line":26,"column":116}},"43":{"start":{"line":26,"column":117},"end":{"line":26,"column":126}},"44":{"start":{"line":27,"column":20},"end":{"line":27,"column":106}},"45":{"start":{"line":27,"column":81},"end":{"line":27,"column":97}},"46":{"start":{"line":27,"column":98},"end":{"line":27,"column":104}},"47":{"start":{"line":28,"column":20},"end":{"line":28,"column":89}},"48":{"start":{"line":28,"column":57},"end":{"line":28,"column":72}},"49":{"start":{"line":28,"column":73},"end":{"line":28,"column":80}},"50":{"start":{"line":28,"column":81},"end":{"line":28,"column":87}},"51":{"start":{"line":29,"column":20},"end":{"line":29,"column":87}},"52":{"start":{"line":29,"column":47},"end":{"line":29,"column":62}},"53":{"start":{"line":29,"column":63},"end":{"line":29,"column":78}},"54":{"start":{"line":29,"column":79},"end":{"line":29,"column":85}},"55":{"start":{"line":30,"column":20},"end":{"line":30,"column":42}},"56":{"start":{"line":30,"column":30},"end":{"line":30,"column":42}},"57":{"start":{"line":31,"column":20},"end":{"line":31,"column":33}},"58":{"start":{"line":31,"column":34},"end":{"line":31,"column":43}},"59":{"start":{"line":33,"column":12},"end":{"line":33,"column":39}},"60":{"start":{"line":34,"column":22},"end":{"line":34,"column":34}},"61":{"start":{"line":34,"column":35},"end":{"line":34,"column":41}},"62":{"start":{"line":34,"column":54},"end":{"line":34,"column":64}},"63":{"start":{"line":35,"column":8},"end":{"line":35,"column":35}},"64":{"start":{"line":35,"column":23},"end":{"line":35,"column":35}},"65":{"start":{"line":35,"column":36},"end":{"line":35,"column":89}},"66":{"start":{"line":38,"column":0},"end":{"line":38,"column":62}},"67":{"start":{"line":39,"column":20},"end":{"line":39,"column":54}},"68":{"start":{"line":40,"column":36},"end":{"line":164,"column":3}},"69":{"start":{"line":43,"column":4},"end":{"line":63,"column":6}},"70":{"start":{"line":44,"column":20},"end":{"line":44,"column":24}},"71":{"start":{"line":45,"column":8},"end":{"line":62,"column":15}},"72":{"start":{"line":45,"column":56},"end":{"line":62,"column":11}},"73":{"start":{"line":47,"column":12},"end":{"line":61,"column":15}},"74":{"start":{"line":48,"column":16},"end":{"line":60,"column":17}},"75":{"start":{"line":49,"column":28},"end":{"line":49,"column":92}},"76":{"start":{"line":51,"column":24},"end":{"line":51,"column":47}},"77":{"start":{"line":52,"column":24},"end":{"line":58,"column":27}},"78":{"start":{"line":53,"column":28},"end":{"line":53,"column":49}},"79":{"start":{"line":54,"column":28},"end":{"line":56,"column":29}},"80":{"start":{"line":55,"column":32},"end":{"line":55,"column":46}},"81":{"start":{"line":57,"column":28},"end":{"line":57,"column":45}},"82":{"start":{"line":59,"column":24},"end":{"line":59,"column":46}},"83":{"start":{"line":64,"column":4},"end":{"line":87,"column":6}},"84":{"start":{"line":65,"column":20},"end":{"line":65,"column":24}},"85":{"start":{"line":66,"column":8},"end":{"line":86,"column":15}},"86":{"start":{"line":66,"column":56},"end":{"line":86,"column":11}},"87":{"start":{"line":68,"column":12},"end":{"line":85,"column":15}},"88":{"start":{"line":69,"column":16},"end":{"line":84,"column":17}},"89":{"start":{"line":70,"column":28},"end":{"line":70,"column":92}},"90":{"start":{"line":72,"column":24},"end":{"line":72,"column":47}},"91":{"start":{"line":73,"column":24},"end":{"line":82,"column":27}},"92":{"start":{"line":77,"column":28},"end":{"line":77,"column":49}},"93":{"start":{"line":78,"column":28},"end":{"line":80,"column":29}},"94":{"start":{"line":79,"column":32},"end":{"line":79,"column":46}},"95":{"start":{"line":81,"column":28},"end":{"line":81,"column":47}},"96":{"start":{"line":83,"column":24},"end":{"line":83,"column":46}},"97":{"start":{"line":88,"column":4},"end":{"line":90,"column":6}},"98":{"start":{"line":89,"column":8},"end":{"line":89,"column":51}},"99":{"start":{"line":91,"column":4},"end":{"line":114,"column":6}},"100":{"start":{"line":92,"column":20},"end":{"line":92,"column":24}},"101":{"start":{"line":93,"column":8},"end":{"line":113,"column":15}},"102":{"start":{"line":93,"column":56},"end":{"line":113,"column":11}},"103":{"start":{"line":95,"column":12},"end":{"line":112,"column":15}},"104":{"start":{"line":96,"column":16},"end":{"line":111,"column":17}},"105":{"start":{"line":97,"column":28},"end":{"line":97,"column":92}},"106":{"start":{"line":99,"column":24},"end":{"line":99,"column":47}},"107":{"start":{"line":100,"column":24},"end":{"line":109,"column":27}},"108":{"start":{"line":104,"column":28},"end":{"line":104,"column":49}},"109":{"start":{"line":105,"column":28},"end":{"line":107,"column":29}},"110":{"start":{"line":106,"column":32},"end":{"line":106,"column":46}},"111":{"start":{"line":108,"column":28},"end":{"line":108,"column":38}},"112":{"start":{"line":110,"column":24},"end":{"line":110,"column":46}},"113":{"start":{"line":115,"column":4},"end":{"line":117,"column":6}},"114":{"start":{"line":116,"column":8},"end":{"line":116,"column":51}},"115":{"start":{"line":118,"column":4},"end":{"line":120,"column":6}},"116":{"start":{"line":119,"column":8},"end":{"line":119,"column":51}},"117":{"start":{"line":121,"column":4},"end":{"line":141,"column":6}},"118":{"start":{"line":122,"column":20},"end":{"line":122,"column":24}},"119":{"start":{"line":123,"column":8},"end":{"line":140,"column":15}},"120":{"start":{"line":123,"column":56},"end":{"line":140,"column":11}},"121":{"start":{"line":125,"column":12},"end":{"line":139,"column":15}},"122":{"start":{"line":126,"column":16},"end":{"line":138,"column":17}},"123":{"start":{"line":127,"column":28},"end":{"line":127,"column":92}},"124":{"start":{"line":129,"column":24},"end":{"line":129,"column":47}},"125":{"start":{"line":130,"column":24},"end":{"line":136,"column":27}},"126":{"start":{"line":131,"column":28},"end":{"line":131,"column":49}},"127":{"start":{"line":132,"column":28},"end":{"line":134,"column":29}},"128":{"start":{"line":133,"column":32},"end":{"line":133,"column":46}},"129":{"start":{"line":135,"column":28},"end":{"line":135,"column":38}},"130":{"start":{"line":137,"column":24},"end":{"line":137,"column":46}},"131":{"start":{"line":142,"column":4},"end":{"line":162,"column":6}},"132":{"start":{"line":143,"column":20},"end":{"line":143,"column":24}},"133":{"start":{"line":144,"column":8},"end":{"line":161,"column":15}},"134":{"start":{"line":144,"column":56},"end":{"line":161,"column":11}},"135":{"start":{"line":146,"column":12},"end":{"line":160,"column":15}},"136":{"start":{"line":147,"column":16},"end":{"line":159,"column":17}},"137":{"start":{"line":148,"column":28},"end":{"line":148,"column":92}},"138":{"start":{"line":150,"column":24},"end":{"line":150,"column":47}},"139":{"start":{"line":151,"column":24},"end":{"line":157,"column":27}},"140":{"start":{"line":152,"column":28},"end":{"line":152,"column":49}},"141":{"start":{"line":153,"column":28},"end":{"line":155,"column":29}},"142":{"start":{"line":154,"column":32},"end":{"line":154,"column":46}},"143":{"start":{"line":156,"column":28},"end":{"line":156,"column":38}},"144":{"start":{"line":158,"column":24},"end":{"line":158,"column":46}},"145":{"start":{"line":163,"column":4},"end":{"line":163,"column":26}},"146":{"start":{"line":165,"column":0},"end":{"line":165,"column":40}}},"fnMap":{"0":{"name":"(anonymous_0)","decl":{"start":{"line":2,"column":44},"end":{"line":2,"column":45}},"loc":{"start":{"line":2,"column":89},"end":{"line":10,"column":1}},"line":2},"1":{"name":"adopt","decl":{"start":{"line":3,"column":13},"end":{"line":3,"column":18}},"loc":{"start":{"line":3,"column":26},"end":{"line":3,"column":112}},"line":3},"2":{"name":"(anonymous_2)","decl":{"start":{"line":3,"column":70},"end":{"line":3,"column":71}},"loc":{"start":{"line":3,"column":89},"end":{"line":3,"column":108}},"line":3},"3":{"name":"(anonymous_3)","decl":{"start":{"line":4,"column":36},"end":{"line":4,"column":37}},"loc":{"start":{"line":4,"column":63},"end":{"line":9,"column":5}},"line":4},"4":{"name":"fulfilled","decl":{"start":{"line":5,"column":17},"end":{"line":5,"column":26}},"loc":{"start":{"line":5,"column":34},"end":{"line":5,"column":99}},"line":5},"5":{"name":"rejected","decl":{"start":{"line":6,"column":17},"end":{"line":6,"column":25}},"loc":{"start":{"line":6,"column":33},"end":{"line":6,"column":102}},"line":6},"6":{"name":"step","decl":{"start":{"line":7,"column":17},"end":{"line":7,"column":21}},"loc":{"start":{"line":7,"column":30},"end":{"line":7,"column":118}},"line":7},"7":{"name":"(anonymous_7)","decl":{"start":{"line":11,"column":48},"end":{"line":11,"column":49}},"loc":{"start":{"line":11,"column":73},"end":{"line":37,"column":1}},"line":11},"8":{"name":"(anonymous_8)","decl":{"start":{"line":12,"column":30},"end":{"line":12,"column":31}},"loc":{"start":{"line":12,"column":41},"end":{"line":12,"column":83}},"line":12},"9":{"name":"(anonymous_9)","decl":{"start":{"line":13,"column":125},"end":{"line":13,"column":126}},"loc":{"start":{"line":13,"column":136},"end":{"line":13,"column":152}},"line":13},"10":{"name":"verb","decl":{"start":{"line":14,"column":13},"end":{"line":14,"column":17}},"loc":{"start":{"line":14,"column":21},"end":{"line":14,"column":70}},"line":14},"11":{"name":"(anonymous_11)","decl":{"start":{"line":14,"column":30},"end":{"line":14,"column":31}},"loc":{"start":{"line":14,"column":43},"end":{"line":14,"column":67}},"line":14},"12":{"name":"step","decl":{"start":{"line":15,"column":13},"end":{"line":15,"column":17}},"loc":{"start":{"line":15,"column":22},"end":{"line":36,"column":5}},"line":15},"13":{"name":"(anonymous_13)","decl":{"start":{"line":40,"column":36},"end":{"line":40,"column":37}},"loc":{"start":{"line":40,"column":48},"end":{"line":164,"column":1}},"line":40},"14":{"name":"CustomerMapper","decl":{"start":{"line":41,"column":13},"end":{"line":41,"column":27}},"loc":{"start":{"line":41,"column":30},"end":{"line":42,"column":5}},"line":41},"15":{"name":"(anonymous_15)","decl":{"start":{"line":43,"column":38},"end":{"line":43,"column":39}},"loc":{"start":{"line":43,"column":50},"end":{"line":63,"column":5}},"line":43},"16":{"name":"(anonymous_16)","decl":{"start":{"line":45,"column":27},"end":{"line":45,"column":28}},"loc":{"start":{"line":45,"column":54},"end":{"line":62,"column":13}},"line":45},"17":{"name":"(anonymous_17)","decl":{"start":{"line":45,"column":96},"end":{"
[...]
n":99}},"line":5},"5":{"name":"rejected","decl":{"start":{"line":6,"column":17},"end":{"line":6,"column":25}},"loc":{"start":{"line":6,"column":33},"end":{"line":6,"column":102}},"line":6},"6":{"name":"step","decl":{"start":{"line":7,"column":17},"end":{"line":7,"column":21}},"loc":{"start":{"line":7,"column":30},"end":{"line":7,"column":118}},"line":7},"7":{"name":"(anonymous_7)","decl":{"start":{"line":11,"column":48},"end":{"line":11,"column":49}},"loc":{"start":{"line":11,"column":73},"end":{"line":37,"column":1}},"line":11},"8":{"name":"(anonymous_8)","decl":{"start":{"line":12,"column":30},"end":{"line":12,"column":31}},"loc":{"start":{"line":12,"column":41},"end":{"line":12,"column":83}},"line":12},"9":{"name":"(anonymous_9)","decl":{"start":{"line":13,"column":125},"end":{"line":13,"column":126}},"loc":{"start":{"line":13,"column":136},"end":{"line":13,"column":152}},"line":13},"10":{"name":"verb","decl":{"start":{"line":14,"column":13},"end":{"line":14,"column":17}},"loc":{"start":{"line":14,"column":21},"end":{"line":14,"column":70}},"line":14},"11":{"name":"(anonymous_11)","decl":{"start":{"line":14,"column":30},"end":{"line":14,"column":31}},"loc":{"start":{"line":14,"column":43},"end":{"line":14,"column":67}},"line":14},"12":{"name":"step","decl":{"start":{"line":15,"column":13},"end":{"line":15,"column":17}},"loc":{"start":{"line":15,"column":22},"end":{"line":36,"column":5}},"line":15},"13":{"name":"(anonymous_13)","decl":{"start":{"line":38,"column":56},"end":{"line":38,"column":57}},"loc":{"start":{"line":38,"column":71},"end":{"line":40,"column":1}},"line":38},"14":{"name":"(anonymous_14)","decl":{"start":{"line":47,"column":22},"end":{"line":47,"column":23}},"loc":{"start":{"line":47,"column":48},"end":{"line":70,"column":5}},"line":47},"15":{"name":"(anonymous_15)","decl":{"start":{"line":47,"column":91},"end":{"line":47,"column":92}},"loc":{"start":{"line":47,"column":103},"end":{"line":70,"column":1}},"line":47},"16":{"name":"(anonymous_16)","decl":{"start":{"line":49,"column":29},"end":{"line":49,"column":30}},"loc":{"start":{"line":49,"column":43},"end":{"line":69,"column":5}},"line":49},"17":{"name":"(anonymous_17)","decl":{"start":{"line":71,"column":19},"end":{"line":71,"column":20}},"loc":{"start":{"line":71,"column":45},"end":{"line":90,"column":5}},"line":71},"18":{"name":"(anonymous_18)","decl":{"start":{"line":71,"column":88},"end":{"line":71,"column":89}},"loc":{"start":{"line":71,"column":100},"end":{"line":90,"column":1}},"line":71},"19":{"name":"(anonymous_19)","decl":{"start":{"line":73,"column":29},"end":{"line":73,"column":30}},"loc":{"start":{"line":73,"column":43},"end":{"line":89,"column":5}},"line":73},"20":{"name":"(anonymous_20)","decl":{"start":{"line":91,"column":18},"end":{"line":91,"column":19}},"loc":{"start":{"line":91,"column":44},"end":{"line":107,"column":5}},"line":91},"21":{"name":"(anonymous_21)","decl":{"start":{"line":91,"column":87},"end":{"line":91,"column":88}},"loc":{"start":{"line":91,"column":99},"end":{"line":107,"column":1}},"line":91},"22":{"name":"(anonymous_22)","decl":{"start":{"line":93,"column":29},"end":{"line":93,"column":30}},"loc":{"start":{"line":93,"column":43},"end":{"line":106,"column":5}},"line":93},"23":{"name":"(anonymous_23)","decl":{"start":{"line":108,"column":24},"end":{"line":108,"column":25}},"loc":{"start":{"line":108,"column":50},"end":{"line":127,"column":5}},"line":108},"24":{"name":"(anonymous_24)","decl":{"start":{"line":108,"column":93},"end":{"line":108,"column":94}},"loc":{"start":{"line":108,"column":105},"end":{"line":127,"column":1}},"line":108},"25":{"name":"(anonymous_25)","decl":{"start":{"line":110,"column":29},"end":{"line":110,"column":30}},"loc":{"start":{"line":110,"column":43},"end":{"line":126,"column":5}},"line":110}},"branchMap":{"0":{"loc":{"start":{"line":2,"column":16},"end":{"line":10,"column":1}},"type":"binary-expr","locations":[{"start":{"line":2,"column":17},"end":{"line":2,"column":21}},{"start":{"line":2,"column":25},"end":{"line":2,"column":39}},{"start":{"line":2,"column":44},"end":{"line":10,"column":1}}],"line":2},"1":{"loc":{"start":{"line":3,"column":35},"end":{"line":3,"column":109}},"type":"cond-expr","locations":[{"start":{"line":3,"column":56},"end":{"line":3,"column":61}},{"start":{"line":3,"column":64},"end":{"line":3,"column":109}}],"line":3},"2":{"loc":{"start":{"line":4,"column":16},"end":{"line":4,"column":34}},"type":"binary-expr","locations":[{"start":{"line":4,"column":16},"end":{"line":4,"column":17}},{"start":{"line":4,"column":22},"end":{"line":4,"column":33}}],"line":4},"3":{"loc":{"start":{"line":7,"column":32},"end":{"line":7,"column":115}},"type":"cond-expr","locations":[{"start":{"line":7,"column":46},"end":{"line":7,"column":67}},{"start":{"line":7,"column":70},"end":{"line":7,"column":115}}],"line":7},"4":{"loc":{"start":{"line":8,"column":51},"end":{"line":8,"column":67}},"type":"binary-expr","locations":[{"start":{"line":8,"column":51},"end":{"line":8,"column":61}},{"start":{"line":8,"column":65},"end":{"line":8,"column":67}}],"line":8},"5":{"loc":{"start":{"line":11,"column":18},"end":{"line":37,"column":1}},"type":"binary-expr","locations":[{"start":{"line":11,"column":19},"end":{"line":11,"column":23}},{"start":{"line":11,"column":27},"end":{"line":11,"column":43}},{"start":{"line":11,"column":48},"end":{"line":37,"column":1}}],"line":11},"6":{"loc":{"start":{"line":12,"column":43},"end":{"line":12,"column":68}},"type":"if","locations":[{"start":{"line":12,"column":43},"end":{"line":12,"column":68}},{"start":{"line":12,"column":43},"end":{"line":12,"column":68}}],"line":12},"7":{"loc":{"start":{"line":13,"column":71},"end":{"line":13,"column":153}},"type":"binary-expr","locations":[{"start":{"line":13,"column":71},"end":{"line":13,"column":99}},{"start":{"line":13,"column":104},"end":{"line":13,"column":152}}],"line":13},"8":{"loc":{"start":{"line":16,"column":8},"end":{"line":16,"column":70}},"type":"if","locations":[{"start":{"line":16,"column":8},"end":{"line":16,"column":70}},{"start":{"line":16,"column":8},"end":{"line":16,"column":70}}],"line":16},"9":{"loc":{"start":{"line":18,"column":12},"end":{"line":18,"column":169}},"type":"if","locations":[{"start":{"line":18,"column":12},"end":{"line":18,"column":169}},{"start":{"line":18,"column":12},"end":{"line":18,"column":169}}],"line":18},"10":{"loc":{"start":{"line":18,"column":23},"end":{"line":18,"column":158}},"type":"binary-expr","locations":[{"start":{"line":18,"column":23},"end":{"line":18,"column":24}},{"start":{"line":18,"column":29},"end":{"line":18,"column":125}},{"start":{"line":18,"column":130},"end":{"line":18,"column":158}}],"line":18},"11":{"loc":{"start":{"line":18,"column":33},"end":{"line":18,"column":125}},"type":"cond-expr","locations":[{"start":{"line":18,"column":45},"end":{"line":18,"column":56}},{"start":{"line":18,"column":59},"end":{"line":18,"column":125}}],"line":18},"12":{"loc":{"start":{"line":18,"column":59},"end":{"line":18,"column":125}},"type":"cond-expr","locations":[{"start":{"line":18,"column":67},"end":{"line":18,"column":116}},{"start":{"line":18,"column":119},"end":{"line":18,"column":125}}],"line":18},"13":{"loc":{"start":{"line":18,"column":67},"end":{"line":18,"column":116}},"type":"binary-expr","locations":[{"start":{"line":18,"column":67},"end":{"line":18,"column":77}},{"start":{"line":18,"column":82},"end":{"line":18,"column":115}}],"line":18},"14":{"loc":{"start":{"line":18,"column":82},"end":{"line":18,"column":112}},"type":"binary-expr","locations":[{"start":{"line":18,"column":83},"end":{"line":18,"column":98}},{"start":{"line":18,"column":103},"end":{"line":18,"column":112}}],"line":18},"15":{"loc":{"start":{"line":19,"column":12},"end":{"line":19,"column":52}},"type":"if","locations":[{"start":{"line":19,"column":12},"end":{"line":19,"column":52}},{"start":{"line":19,"column":12},"end":{"line":19,"column":52}}],"line":19},"16":{"loc":{"start":{"line":20,"column":12},"end":{"line":32,"column":13}},"type":"switch","locations":[{"start":{"line":21,"column":16},"end":{"line":21,"column":23}},{"start":{"line":21,"column":24},"end":{"line":21,"column":46}},{"start":{"line":22,"column":16},"end":{"line":22,"column":72}},{"start":{"line":23,"column":16},"end":{"line":23,"column":65}},{"start":{"line":24,"column":16},"end":{"line":24,"column":65}},{"start":{"line":25,"column":16},"end":{"line":31,"column":43}}],"line":20},"17":{"loc":{"start":{"line":26,"column":20},"end":{"line":26,"column":128}},"type":"if","locations":[{"start":{"line":26,"column":20},"end":{"line":26,"column":128}},{"start":{"line":26,"column":20},"end":{"line":26,"column":128}}],"line":26},"18":{"loc":{"start":{"line":26,"column":24},"end":{"line":26,"column":106}},"type":"binary-expr","locations":[{"start":{"line":26,"column":24},"end":{"line":26,"column":74}},{"start":{"line":26,"column":79},"end":{"line":26,"column":90}},{"start":{"line":26,"column":94},"end":{"line":26,"column":105}}],"line":26},"19":{"loc":{"start":{"line":26,"column":42},"end":{"line":26,"column":73}},"type":"binary-expr","locations":[{"start":{"line":26,"column":42},"end":{"line":26,"column":54}},{"start":{"line":26,"column":58},"end":{"line":26,"column":73}}],"line":26},"20":{"loc":{"start":{"line":27,"column":20},"end":{"line":27,"column":106}},"type":"if","locations":[{"start":{"line":27,"column":20},"end":{"line":27,"column":106}},{"start":{"line":27,"column":20},"end":{"line":27,"column":106}}],"line":27},"21":{"loc":{"start":{"line":27,"column":24},"end":{"line":27,"column":77}},"type":"binary-expr","locations":[{"start":{"line":27,"column":24},"end":{"line":27,"column":35}},{"start":{"line":27,"column":40},"end":{"line":27,"column":42}},{"start":{"line":27,"column":47},"end":{"line":27,"column":59}},{"start":{"line":27,"column":63},"end":{"line":27,"column":75}}],"line":27},"22":{"loc":{"start":{"line":28,"column":20},"end":{"line":28,"column":89}},"type":"if","locations":[{"start":{"line":28,"column":20},"end":{"line":28,"column":89}},{"start":{"line":28,"column":20},"end":{"line":28,"column":89}}],"line":28},"23":{"loc":{"start":{"line":28,"column":24},"end":{"line":28,"column":53}},"type":"binary-expr","locations":[{"start":{"line":28,"column":24},"end":{"line":28,"column":35}},{"start":{"line":28,"column":39},"end":{"line":28,"column":53}}],"line":28},"24":{"loc":{"start":{"line":29,"column":20},"end":{"line":29,"column":87}},"type":"if","locations":[{"start":{"line":29,"column":20},"end":{"line":29,"column":87}},{"start":{"line":29,"column":20},"end":{"line":29,"column":87}}],"line":29},"25":{"loc":{"start":{"line":29,"column":24},"end":{"line":29,"column":43}},"type":"binary-expr","locations":[{"start":{"line":29,"column":24},"end":{"line":29,"column":25}},{"start":{"line":29,"column":29},"end":{"line":29,"column":43}}],"line":29},"26":{"loc":{"start":{"line":30,"column":20},"end":{"line":30,"column":42}},"type":"if","locations":[{"start":{"line":30,"column":20},"end":{"line":30,"column":42}},{"start":{"line":30,"column":20},"end":{"line":30,"column":42}}],"line":30},"27":{"loc":{"start":{"line":35,"column":8},"end":{"line":35,"column":35}},"type":"if","locations":[{"start":{"line":35,"column":8},"end":{"line":35,"column":35}},{"start":{"line":35,"column":8},"end":{"line":35,"column":35}}],"line":35},"28":{"loc":{"start":{"line":35,"column":52},"end":{"line":35,"column":74}},"type":"cond-expr","locations":[{"start":{"line":35,"column":60},"end":{"line":35,"column":65}},{"start":{"line":35,"column":68},"end":{"line":35,"column":74}}],"line":35},"29":{"loc":{"start":{"line":38,"column":22},"end":{"line":40,"column":1}},"type":"binary-expr","locations":[{"start":{"line":38,"column":23},"end":{"line":38,"column":27}},{"start":{"line":38,"column":31},"end":{"line":38,"column":51}},{"start":{"line":38,"column":56},"end":{"line":40,"column":1}}],"line":38},"30":{"loc":{"start":{"line":39,"column":11},"end":{"line":39,"column":61}},"type":"cond-expr","locations":[{"start":{"line":39,"column":37},"end":{"line":39,"column":40}},{"start":{"line":39,"column":43},"end":{"line":39,"column":61}}],"line":39},"31":{"loc":{"start":{"line":39,"column":12},"end":{"line":39,"column":33}},"type":"binary-expr","locations":[{"start":{"line":39,"column":12},"end":{"line":39,"column":15}},{"start":{"line":39,"column":19},"end":{"line":39,"column":33}}],"line":39},"32":{"loc":{"start":{"line":50,"column":8},"end":{"line":68,"column":9}},"type":"switch","locations":[{"start":{"line":51,"column":12},"end":{"line":57,"column":29}},{"start":{"line":58,"column":12},"end":{"line":60,"column":94}},{"start":{"line":61,"column":12},"end":{"line":63,"column":127}},{"start":{"line":64,"column":12},"end":{"line":66,"column":69}},{"start":{"line":67,"column":12},"end":{"line":67,"column":42}}],"line":50},"33":{"loc":{"start":{"line":55,"column":16},"end":{"line":56,"column":63}},"type":"if","locations":[{"start":{"line":55,"column":16},"end":{"line":56,"column":63}},{"start":{"line":55,"column":16},"end":{"line":56,"column":63}}],"line":55},"34":{"loc":{"start":{"line":55,"column":20},"end":{"line":55,"column":64}},"type":"binary-expr","locations":[{"start":{"line":55,"column":20},"end":{"line":55,"column":31}},{"start":{"line":55,"column":35},"end":{"line":55,"column":50}},{"start":{"line":55,"column":54},"end":{"line":55,"column":64}}],"line":55},"35":{"loc":{"start":{"line":74,"column":8},"end":{"line":88,"column":9}},"type":"switch","locations":[{"start":{"line":75,"column":12},"end":{"line":77,"column":29}},{"start":{"line":78,"column":12},"end":{"line":80,"column":58}},{"start":{"line":81,"column":12},"end":{"line":83,"column":63}},{"start":{"line":84,"column":12},"end":{"line":86,"column":69}},{"start":{"line":87,"column":12},"end":{"line":87,"column":42}}],"line":74},"36":{"loc":{"start":{"line":94,"column":8},"end":{"line":105,"column":9}},"type":"switch","locations":[{"start":{"line":95,"column":12},"end":{"line":97,"column":50}},{"start":{"line":98,"column":12},"end":{"line":100,"column":59}},{"start":{"line":101,"column":12},"end":{"line":103,"column":69}},{"start":{"line":104,"column":12},"end":{"line":104,"column":42}}],"line":94},"37":{"loc":{"start":{"line":111,"column":8},"end":{"line":125,"column":9}},"type":"switch","locations":[{"start":{"line":112,"column":12},"end":{"line":114,"column":29}},{"start":{"line":115,"column":12},"end":{"line":117,"column":61}},{"start":{"line":118,"column":12},"end":{"line":120,"column":126}},{"start":{"line":121,"column":12},"end":{"line":123,"column":69}},{"start":{"line":124,"column":12},"end":{"line":124,"column":42}}],"line":111}},"s":{"0":1,"1":3,"2":0,"3":3,"4":3,"5":3,"6":0,"7":0,"8":0,"9":0,"10":6,"11":3,"12":1,"13":3,"14":3,"15":0,"16":3,"17":3,"18":0,"19":9,"20":6,"21":6,"22":0,"23":6,"24":15,"25":15,"26":0,"27":15,"28":0,"29":15,"30":6,"31":6,"32":3,"33":3,"34":0,"35":0,"36":0,"37":0,"38":0,"39":0,"40":0,"41":6,"42":3,"43":3,"44":3,"45":0,"46":0,"47":3,"48":0,"49":0,"50":0,"51":3,"52":0,"53":0,"54":0,"55":3,"56":0,"57":3,"58":3,"59":6,"60":0,"61":0,"62":15,"63":3,"64":0,"65":3,"66":1,"67":1,"68":1,"69":1,"70":1,"71":1,"72":1,"73":1,"74":1,"75":1,"76":1,"77":2,"78":1,"79":1,"80":1,"81":1,"82":0,"83":1,"84":1,"85":1,"86":1,"87":1,"88":0,"89":0,"90":0,"91":1,"92":1,"93":1,"94":2,"95":1,"96":1,"97":1,"98":1,"99":1,"100":1,"101":0,"102":0,"103":0,"104":1,"105":0,"106":0,"107":0,"108":0,"109":0,"110":0,"111":0,"112":0,"113":0,"114":0,"115":1,"116":1,"117":1,"118":2,"119":1,"120":1,"121":1,"122":1,"123":1,"124":1,"125":0,"126":0,"127":0},"f":{"0":3,"1":3,"2":0,"3":3,"4":3,"5":0,"6":6,"7":3,"8":3,"9":0,"10":9,"11":6,"12":6,"13":1,"14":1,"15":1,"16":2,"17":1,"18":1,"19":2,"20":0,"21":0,"22":0,"23":1,"24":1,"25":2},"b":{"0":[1,1,1],"1":[3,0],"2":[3,3],"3":[3,3],"4":[3,3],"5":[1,1,1],"6":[0,3],"7":[3,3],"8":[0,6],"9":[0,15],"10":[15,0,0],"11":[0,0],"12":[0,0],"13":[0,0],"14":[0,0],"15":[0,15],"16":[6,6,3,0,0,6],"17":[3,3],"18":[6,3,3],"19":[6,3],"20":[0,3],"21":[3,0,0,0],"22":[0,3],"23":[3,0],"24":[0,3],"25":[3,3],"26":[0,3],"27":[0,3],"28":[3,0],"29":[1,1,1],"30":[0,1],"31":[1,1],"32":[1,1,1,0,0],"33":[0,1],"34":[1,1,1],"35":[1,1,1,0,0],"36":[0,0,0,0],"37":[1,1,1,0,0]},"inputSourceMap":{"version":3,"file":"/Users/mohammahomarhariri/Documents/SoftwareDeveloper/1.sem/Soft-Tests/assignments/Assignment4/src/routes/CustomerRoute.ts","sources":["/Users/mohammahomarhariri/Documents/SoftwareDeveloper/1.sem/Soft-Tests/assignments/Assignment4/src/routes/CustomerRoute.ts"],"names":[],"mappings":";;;;;;;;;;;;;;;;;;;;;;;;;;;;;;;;;;;;;;;;;AAAA,oDAA8B;AAE9B,6DAA4D;AAC5D,IAAM,KAAK,GAAG,iBAAO,EAAE,CAAC;AAkDN,8BAAa;AAhD/B,IAAM,EAAE,GAAG,IAAI,+BAAc,EAAE,CAAC;AAEhC,KAAK,CAAC,IAAI,CAAC,SAAS,EAAE,UAAO,GAAG,EAAE,GAAG,EAAE,IAAI;;;;;gBACnC,IAAI,GAAG,GAAG,CAAC,IAAI,CAAC,IAAI,CAAC;gBACrB,QAAQ,GAAG,GAAG,CAAC,IAAI,CAAC,QAAQ,CAAC;gBAC7B,GAAG,GAAG,GAAG,CAAC,IAAI,CAAC,GAAG,CAAC;gBAEzB,IAAI,IAAI,KAAK,EAAE,IAAI,QAAQ,KAAK,EAAE,IAAI,GAAG,KAAK,EAAE;oBAAE,sBAAO,GAAG,CAAC,UAAU,CAAC,GAAG,CAAC,EAAC;;;;gBAG3E,qBAAM,EAAE,CAAC,MAAM,CAAC,EAAE,GAAG,KAAA,EAAE,IAAI,MAAA,EAAE,QAAQ,UAAA,EAAe,CAAC,EAAA;;gBAArD,SAAqD,CAAC;gBACtD,sBAAO,GAAG,CAAC,MAAM,CAAC,GAAG,CAAC,CAAC,IAAI,CAAC,oCAAkC,IAAI,yBAAsB,CAAC,EAAC;;;gBAE1F,sBAAO,GAAG,CAAC,MAAM,CAAC,GAAG,CAAC,CAAC,IAAI,CAAC,OAAK,CAAC,EAAC;;;;KAEtC,CAAC,CAAC;AAEH,KAAK,CAAC,GAAG,CAAC,OAAO,EAAE,UAAO,GAAG,EAAE,GAAG,EAAE,IAAI;;;;;gBAChC,GAAG,GAAG,GAAG,CAAC,IAAI,CAAC,GAAG,CAAC;;;;gBAGD,qBAAM,EAAE,CAAC,WAAW,CAAC,GAAG,CAAC,EAAA;;gBAAzC,aAAa,GAAG,SAAyB;gBAC/C,sBAAO,GAAG,CAAC,IAAI,CAAC,aAAa,CAAC,EAAC;;;gBAE/B,sBAAO,GAAG,CAAC,MAAM,CAAC,GAAG,CAAC,CAAC,IAAI,CAAC,OAAK,CAAC,EAAC;;;;KAEtC,CAAC,CAAC;AAEH,KAAK,CAAC,GAAG,CAAC,MAAM,EAAE,UAAO,GAAG,EAAE,GAAG,EAAE,IAAI;;;;;;gBAEjB,qBAAM,EAAE,CAAC,MAAM,EAAE,EAAA;;gBAA7B,SAAS,GAAG,SAAiB;gBACnC,sBAAO,GAAG,CAAC,IAAI,CAAC,SAAS,CAAC,EAAC;;;gBAE3B,sBAAO,GAAG,CAAC,MAAM,CAAC,GAAG,CAAC,CAAC,IAAI,CAAC,OAAK,CAAC,EAAC;;;;KAEtC,CAAC,CAAC;AAEH,KAAK,CAAC,MAAM,CAAC,SAAS,EAAE,UAAO,GAAG,EAAE,GAAG,EAAE,IAAI;;;;;gBACrC,GAAG,GAAG,GAAG,CAAC,IAAI,CAAC,GAAG,CAAC;;;;gBAGC,qBAAM,EAAE,CAAC,cAAc,CAAC,GAAG,CAAC,EAAA;;gBAA9C,eAAe,GAAG,SAA4B;gBACpD,sBAAO,GAAG,CAAC,MAAM,CAAC,GAAG,CAAC,CAAC,IAAI,CAAC,oCAAkC,GAAG,yBAAsB,CAAC,EAAC;;;gBAEzF,sBAAO,GAAG,CAAC,MAAM,CAAC,GAAG,CAAC,CAAC,IAAI,CAAC,OAAK,CAAC,EAAC;;;;KAEtC,CAAC,CAAC","sourcesContent":["import express from 'express';\nimport { ICustomer } from '../interfaces/ICustomer';\nimport { CustomerMapper } from '../database/CustomerMapper';\nconst route = express();\n\nconst cm = new CustomerMapper();\n\nroute.post('/create', async (req, res, next) => {\n  const name = req.body.name;\n  const bank_cvr = req.body.bank_cvr;\n  const cpr = req.body.cpr;\n\n  if (name === '' || bank_cvr === '' || cpr === '') return res.sendStatus(401);\n\n  try {\n    await cm.insert({ cpr, name, bank_cvr } as ICustomer);\n    return res.status(200).send(`Creation of customer with name ${name} has been successful`);\n  } catch (error) {\n    return res.status(500).send(error);\n  }\n});\n\nroute.get('/find', async (req, res, next) => {\n  const cpr = req.body.cpr;\n\n  try {\n    const foundCustomer = await cm.getByNumber(cpr);\n    return res.json(foundCustomer);\n  } catch (error) {\n    return res.status(500).send(error);\n  }\n});\n\nroute.get('/all', async (req, res, next) => {\n  try {\n    const customers = await cm.getAll();\n    return res.json(customers);\n  } catch (error) {\n    return res.status(500).send(error);\n  }\n});\n\nroute.delete('/delete', async (req, res, next) => {\n  const cpr = req.body.cpr;\n\n  try {\n    const deletedCustomer = await cm.deleteByNumber(cpr);\n    return res.status(200).send(`Deletion of customer with cpr: ${cpr} has been successful`);\n  } catch (error) {\n    return res.status(500).send(error);\n  }\n});\n\nexport { route as CustomerRoute };\n"]},"_coverageSchema":"1a1c01bbd47fc00a2c39e90264f33305004495a9","hash":"a8e54cb5e1d2ba85aca11315306cbbd23ad4683f","contentHash":"ff9a6cb4106fa5dcaea73f94285dc08bbe2806ff7015f5b4be61177ec6f337a8"}}